[2022-04-26 16:42:57,803] {manager.py:517} INFO - Processing files using up to 2 processes at a time 
[2022-04-26 16:42:57,806] {manager.py:518} INFO - Process each file at most once every 30 seconds
[2022-04-26 16:42:57,808] {manager.py:519} INFO - Checking for new files in /opt/airflow/dags every 300 seconds
[2022-04-26 16:42:57,810] {manager.py:704} INFO - Searching for files in /opt/airflow/dags
[2022-04-26 16:42:57,823] {manager.py:707} INFO - There are 32 files in /opt/airflow/dags
[2022-04-26 16:42:57,929] {manager.py:1106} INFO - Finding 'running' jobs without a recent heartbeat
[2022-04-26 16:42:57,935] {manager.py:1110} INFO - Failing jobs without heartbeat after 2022-04-26 16:37:57.935384+00:00
[2022-04-26 16:42:58,018] {manager.py:825} INFO - 
================================================================================
DAG File Processing Stats

File Path                                                                                                           PID  Runtime      # DAGs    # Errors  Last Runtime    Last Run
----------------------------------------------------------------------------------------------------------------  -----  ---------  --------  ----------  --------------  ----------
/home/airflow/.local/lib/python3.9/site-packages/airflow/example_dags/example_xcom.py                                31  0.14s             0           0
/home/airflow/.local/lib/python3.9/site-packages/airflow/example_dags/tutorial_taskflow_api_etl_virtualenv.py        32  0.13s             0           0
/home/airflow/.local/lib/python3.9/site-packages/airflow/example_dags/example_trigger_target_dag.py                                        0           0
/home/airflow/.local/lib/python3.9/site-packages/airflow/example_dags/example_short_circuit_operator.py                                    0           0
/home/airflow/.local/lib/python3.9/site-packages/airflow/example_dags/example_latest_only_with_trigger.py                                  0           0
/home/airflow/.local/lib/python3.9/site-packages/airflow/example_dags/tutorial_etl_dag.py                                                  0           0
/home/airflow/.local/lib/python3.9/site-packages/airflow/example_dags/example_branch_labels.py                                             0           0
/home/airflow/.local/lib/python3.9/site-packages/airflow/example_dags/example_time_delta_sensor_async.py                                   0           0
/home/airflow/.local/lib/python3.9/site-packages/airflow/example_dags/example_nested_branch_dag.py                                         0           0
/home/airflow/.local/lib/python3.9/site-packages/airflow/example_dags/tutorial_taskflow_api_etl.py                                         0           0
/home/airflow/.local/lib/python3.9/site-packages/airflow/example_dags/example_xcomargs.py                                                  0           0
/home/airflow/.local/lib/python3.9/site-packages/airflow/example_dags/example_subdag_operator.py                                           0           0
/home/airflow/.local/lib/python3.9/site-packages/airflow/example_dags/example_branch_datetime_operator.py                                  0           0
/home/airflow/.local/lib/python3.9/site-packages/airflow/example_dags/tutorial.py                                                          0           0
/home/airflow/.local/lib/python3.9/site-packages/airflow/example_dags/example_kubernetes_executor.py                                       0           0
/home/airflow/.local/lib/python3.9/site-packages/airflow/example_dags/example_trigger_controller_dag.py                                    0           0
/home/airflow/.local/lib/python3.9/site-packages/airflow/example_dags/example_external_task_marker_dag.py                                  0           0
/home/airflow/.local/lib/python3.9/site-packages/airflow/example_dags/example_passing_params_via_test_command.py                           0           0
/home/airflow/.local/lib/python3.9/site-packages/airflow/example_dags/example_latest_only.py                                               0           0
/home/airflow/.local/lib/python3.9/site-packages/airflow/example_dags/example_skip_dag.py                                                  0           0
/home/airflow/.local/lib/python3.9/site-packages/airflow/example_dags/example_dag_decorator.py                                             0           0
/home/airflow/.local/lib/python3.9/site-packages/airflow/example_dags/example_task_group.py                                                0           0
/home/airflow/.local/lib/python3.9/site-packages/airflow/example_dags/example_complex.py                                                   0           0
/home/airflow/.local/lib/python3.9/site-packages/airflow/example_dags/example_sla_dag.py                                                   0           0
/home/airflow/.local/lib/python3.9/site-packages/airflow/example_dags/example_bash_operator.py                                             0           0
/home/airflow/.local/lib/python3.9/site-packages/airflow/example_dags/example_python_operator.py                                           0           0
/home/airflow/.local/lib/python3.9/site-packages/airflow/example_dags/example_branch_day_of_week_operator.py                               0           0
/home/airflow/.local/lib/python3.9/site-packages/airflow/example_dags/example_branch_python_dop_operator_3.py                              0           0
/home/airflow/.local/lib/python3.9/site-packages/airflow/example_dags/example_task_group_decorator.py                                      0           0
/home/airflow/.local/lib/python3.9/site-packages/airflow/example_dags/example_branch_operator.py                                           0           0
/home/airflow/.local/lib/python3.9/site-packages/airflow/example_dags/subdags/subdag.py                                                    0           0
/home/airflow/.local/lib/python3.9/site-packages/airflow/example_dags/plugins/workday.py                                                   0           0
================================================================================
[2022-04-26 16:43:08,070] {manager.py:1106} INFO - Finding 'running' jobs without a recent heartbeat
[2022-04-26 16:43:08,130] {manager.py:1110} INFO - Failing jobs without heartbeat after 2022-04-26 16:38:08.130518+00:00
[2022-04-26 16:43:18,341] {manager.py:1106} INFO - Finding 'running' jobs without a recent heartbeat
[2022-04-26 16:43:18,346] {manager.py:1110} INFO - Failing jobs without heartbeat after 2022-04-26 16:38:18.346180+00:00
[2022-04-26 16:43:28,163] {manager.py:825} INFO - 
================================================================================
DAG File Processing Stats

File Path                                                                                                           PID  Runtime      # DAGs    # Errors  Last Runtime    Last Run
----------------------------------------------------------------------------------------------------------------  -----  ---------  --------  ----------  --------------  -------------------
/home/airflow/.local/lib/python3.9/site-packages/airflow/example_dags/example_branch_labels.py                       83  6.17s             0           0
/home/airflow/.local/lib/python3.9/site-packages/airflow/example_dags/example_time_delta_sensor_async.py             84  6.01s             0           0
/home/airflow/.local/lib/python3.9/site-packages/airflow/example_dags/example_nested_branch_dag.py                                         0           0
/home/airflow/.local/lib/python3.9/site-packages/airflow/example_dags/tutorial_taskflow_api_etl.py                                         0           0
/home/airflow/.local/lib/python3.9/site-packages/airflow/example_dags/example_xcomargs.py                                                  0           0
/home/airflow/.local/lib/python3.9/site-packages/airflow/example_dags/example_subdag_operator.py                                           0           0
/home/airflow/.local/lib/python3.9/site-packages/airflow/example_dags/example_branch_datetime_operator.py                                  0           0
/home/airflow/.local/lib/python3.9/site-packages/airflow/example_dags/tutorial.py                                                          0           0
/home/airflow/.local/lib/python3.9/site-packages/airflow/example_dags/example_kubernetes_executor.py                                       0           0
/home/airflow/.local/lib/python3.9/site-packages/airflow/example_dags/example_trigger_controller_dag.py                                    0           0
/home/airflow/.local/lib/python3.9/site-packages/airflow/example_dags/example_external_task_marker_dag.py                                  0           0
/home/airflow/.local/lib/python3.9/site-packages/airflow/example_dags/example_passing_params_via_test_command.py                           0           0
/home/airflow/.local/lib/python3.9/site-packages/airflow/example_dags/example_latest_only.py                                               0           0
/home/airflow/.local/lib/python3.9/site-packages/airflow/example_dags/example_skip_dag.py                                                  0           0
/home/airflow/.local/lib/python3.9/site-packages/airflow/example_dags/example_dag_decorator.py                                             0           0
/home/airflow/.local/lib/python3.9/site-packages/airflow/example_dags/example_task_group.py                                                0           0
/home/airflow/.local/lib/python3.9/site-packages/airflow/example_dags/example_complex.py                                                   0           0
/home/airflow/.local/lib/python3.9/site-packages/airflow/example_dags/example_sla_dag.py                                                   0           0
/home/airflow/.local/lib/python3.9/site-packages/airflow/example_dags/example_bash_operator.py                                             0           0
/home/airflow/.local/lib/python3.9/site-packages/airflow/example_dags/example_python_operator.py                                           0           0
/home/airflow/.local/lib/python3.9/site-packages/airflow/example_dags/example_branch_day_of_week_operator.py                               0           0
/home/airflow/.local/lib/python3.9/site-packages/airflow/example_dags/example_branch_python_dop_operator_3.py                              0           0
/home/airflow/.local/lib/python3.9/site-packages/airflow/example_dags/example_task_group_decorator.py                                      0           0
/home/airflow/.local/lib/python3.9/site-packages/airflow/example_dags/example_branch_operator.py                                           0           0
/home/airflow/.local/lib/python3.9/site-packages/airflow/example_dags/subdags/subdag.py                                                    0           0
/home/airflow/.local/lib/python3.9/site-packages/airflow/example_dags/plugins/workday.py                                                   0           0
/home/airflow/.local/lib/python3.9/site-packages/airflow/example_dags/example_xcom.py                                                      1           0  12.89s          2022-04-26T16:43:10
/home/airflow/.local/lib/python3.9/site-packages/airflow/example_dags/tutorial_taskflow_api_etl_virtualenv.py                              1           0  12.92s          2022-04-26T16:43:10
/home/airflow/.local/lib/python3.9/site-packages/airflow/example_dags/example_trigger_target_dag.py                                        1           0  6.70s           2022-04-26T16:43:17
/home/airflow/.local/lib/python3.9/site-packages/airflow/example_dags/example_short_circuit_operator.py                                    1           0  6.52s           2022-04-26T16:43:17
/home/airflow/.local/lib/python3.9/site-packages/airflow/example_dags/example_latest_only_with_trigger.py                                  1           0  4.62s           2022-04-26T16:43:21
/home/airflow/.local/lib/python3.9/site-packages/airflow/example_dags/tutorial_etl_dag.py                                                  1           0  4.62s           2022-04-26T16:43:22
================================================================================
[2022-04-26 16:43:29,177] {manager.py:1106} INFO - Finding 'running' jobs without a recent heartbeat
[2022-04-26 16:43:29,181] {manager.py:1110} INFO - Failing jobs without heartbeat after 2022-04-26 16:38:29.181148+00:00
[2022-04-26 16:43:39,659] {manager.py:1106} INFO - Finding 'running' jobs without a recent heartbeat
[2022-04-26 16:43:39,662] {manager.py:1110} INFO - Failing jobs without heartbeat after 2022-04-26 16:38:39.662416+00:00
[2022-04-26 16:43:50,404] {manager.py:1106} INFO - Finding 'running' jobs without a recent heartbeat
[2022-04-26 16:43:50,412] {manager.py:1110} INFO - Failing jobs without heartbeat after 2022-04-26 16:38:50.412202+00:00
[2022-04-26 16:43:58,564] {manager.py:825} INFO - 
================================================================================
DAG File Processing Stats

File Path                                                                                                           PID  Runtime      # DAGs    # Errors  Last Runtime    Last Run
----------------------------------------------------------------------------------------------------------------  -----  ---------  --------  ----------  --------------  -------------------
/home/airflow/.local/lib/python3.9/site-packages/airflow/example_dags/example_complex.py                            187  2.62s             0           0
/home/airflow/.local/lib/python3.9/site-packages/airflow/example_dags/example_sla_dag.py                            199  2.01s             0           0
/home/airflow/.local/lib/python3.9/site-packages/airflow/example_dags/example_bash_operator.py                                             0           0
/home/airflow/.local/lib/python3.9/site-packages/airflow/example_dags/example_python_operator.py                                           0           0
/home/airflow/.local/lib/python3.9/site-packages/airflow/example_dags/example_branch_day_of_week_operator.py                               0           0
/home/airflow/.local/lib/python3.9/site-packages/airflow/example_dags/example_branch_python_dop_operator_3.py                              0           0
/home/airflow/.local/lib/python3.9/site-packages/airflow/example_dags/example_task_group_decorator.py                                      0           0
/home/airflow/.local/lib/python3.9/site-packages/airflow/example_dags/example_branch_operator.py                                           0           0
/home/airflow/.local/lib/python3.9/site-packages/airflow/example_dags/subdags/subdag.py                                                    0           0
/home/airflow/.local/lib/python3.9/site-packages/airflow/example_dags/plugins/workday.py                                                   0           0
/home/airflow/.local/lib/python3.9/site-packages/airflow/example_dags/example_xcom.py                                                      1           0  12.89s          2022-04-26T16:43:10
/home/airflow/.local/lib/python3.9/site-packages/airflow/example_dags/tutorial_taskflow_api_etl_virtualenv.py                              1           0  12.92s          2022-04-26T16:43:10
/home/airflow/.local/lib/python3.9/site-packages/airflow/example_dags/example_trigger_target_dag.py                                        1           0  6.70s           2022-04-26T16:43:17
/home/airflow/.local/lib/python3.9/site-packages/airflow/example_dags/example_short_circuit_operator.py                                    1           0  6.52s           2022-04-26T16:43:17
/home/airflow/.local/lib/python3.9/site-packages/airflow/example_dags/example_latest_only_with_trigger.py                                  1           0  4.62s           2022-04-26T16:43:21
/home/airflow/.local/lib/python3.9/site-packages/airflow/example_dags/tutorial_etl_dag.py                                                  1           0  4.62s           2022-04-26T16:43:22
/home/airflow/.local/lib/python3.9/site-packages/airflow/example_dags/example_branch_labels.py                                             1           0  8.82s           2022-04-26T16:43:30
/home/airflow/.local/lib/python3.9/site-packages/airflow/example_dags/example_time_delta_sensor_async.py                                   1           0  8.47s           2022-04-26T16:43:30
/home/airflow/.local/lib/python3.9/site-packages/airflow/example_dags/example_nested_branch_dag.py                                         1           0  5.32s           2022-04-26T16:43:35
/home/airflow/.local/lib/python3.9/site-packages/airflow/example_dags/tutorial_taskflow_api_etl.py                                         1           0  4.97s           2022-04-26T16:43:35
/home/airflow/.local/lib/python3.9/site-packages/airflow/example_dags/example_branch_datetime_operator.py                                  1           0  4.33s           2022-04-26T16:43:44
/home/airflow/.local/lib/python3.9/site-packages/airflow/example_dags/tutorial.py                                                          1           0  4.32s           2022-04-26T16:43:44
/home/airflow/.local/lib/python3.9/site-packages/airflow/example_dags/example_kubernetes_executor.py                                       1           0  3.42s           2022-04-26T16:43:47
/home/airflow/.local/lib/python3.9/site-packages/airflow/example_dags/example_trigger_controller_dag.py                                    1           0  3.37s           2022-04-26T16:43:47
/home/airflow/.local/lib/python3.9/site-packages/airflow/example_dags/example_passing_params_via_test_command.py                           1           0  3.02s           2022-04-26T16:43:50
/home/airflow/.local/lib/python3.9/site-packages/airflow/example_dags/example_latest_only.py                                               1           0  2.56s           2022-04-26T16:43:53
/home/airflow/.local/lib/python3.9/site-packages/airflow/example_dags/example_skip_dag.py                                                  1           0  2.56s           2022-04-26T16:43:53
/home/airflow/.local/lib/python3.9/site-packages/airflow/example_dags/example_dag_decorator.py                                             1           0  2.69s           2022-04-26T16:43:55
/home/airflow/.local/lib/python3.9/site-packages/airflow/example_dags/example_task_group.py                                                1           0  2.83s           2022-04-26T16:43:56
/home/airflow/.local/lib/python3.9/site-packages/airflow/example_dags/example_xcomargs.py                                                  2           0  3.94s           2022-04-26T16:43:39
/home/airflow/.local/lib/python3.9/site-packages/airflow/example_dags/example_external_task_marker_dag.py                                  2           0  3.26s           2022-04-26T16:43:50
/home/airflow/.local/lib/python3.9/site-packages/airflow/example_dags/example_subdag_operator.py                                           3           0  3.74s           2022-04-26T16:43:39
================================================================================
[2022-04-26 16:44:00,739] {manager.py:1106} INFO - Finding 'running' jobs without a recent heartbeat
[2022-04-26 16:44:00,743] {manager.py:1110} INFO - Failing jobs without heartbeat after 2022-04-26 16:39:00.743448+00:00
[2022-04-26 16:44:11,528] {manager.py:1106} INFO - Finding 'running' jobs without a recent heartbeat
[2022-04-26 16:44:11,531] {manager.py:1110} INFO - Failing jobs without heartbeat after 2022-04-26 16:39:11.530905+00:00
[2022-04-26 16:44:22,511] {manager.py:1106} INFO - Finding 'running' jobs without a recent heartbeat
[2022-04-26 16:44:22,518] {manager.py:1110} INFO - Failing jobs without heartbeat after 2022-04-26 16:39:22.518232+00:00
[2022-04-26 16:44:29,155] {manager.py:825} INFO - 
================================================================================
DAG File Processing Stats

File Path                                                                                                           PID  Runtime      # DAGs    # Errors  Last Runtime    Last Run
----------------------------------------------------------------------------------------------------------------  -----  ---------  --------  ----------  --------------  -------------------
/home/airflow/.local/lib/python3.9/site-packages/airflow/example_dags/subdags/subdag.py                                                    0           0  0.07s           2022-04-26T16:44:07
/home/airflow/.local/lib/python3.9/site-packages/airflow/example_dags/plugins/workday.py                                                   0           0  0.08s           2022-04-26T16:44:07
/home/airflow/.local/lib/python3.9/site-packages/airflow/example_dags/example_xcom.py                                                      1           0  0.36s           2022-04-26T16:44:08
/home/airflow/.local/lib/python3.9/site-packages/airflow/example_dags/tutorial_taskflow_api_etl_virtualenv.py                              1           0  0.38s           2022-04-26T16:44:08
/home/airflow/.local/lib/python3.9/site-packages/airflow/example_dags/example_trigger_target_dag.py                                        1           0  0.17s           2022-04-26T16:44:08
/home/airflow/.local/lib/python3.9/site-packages/airflow/example_dags/example_short_circuit_operator.py                                    1           0  0.17s           2022-04-26T16:44:08
/home/airflow/.local/lib/python3.9/site-packages/airflow/example_dags/example_latest_only_with_trigger.py                                  1           0  0.13s           2022-04-26T16:44:08
/home/airflow/.local/lib/python3.9/site-packages/airflow/example_dags/tutorial_etl_dag.py                                                  1           0  0.15s           2022-04-26T16:44:09
/home/airflow/.local/lib/python3.9/site-packages/airflow/example_dags/example_branch_labels.py                                             1           0  0.15s           2022-04-26T16:44:09
/home/airflow/.local/lib/python3.9/site-packages/airflow/example_dags/example_time_delta_sensor_async.py                                   1           0  0.15s           2022-04-26T16:44:09
/home/airflow/.local/lib/python3.9/site-packages/airflow/example_dags/example_nested_branch_dag.py                                         1           0  0.17s           2022-04-26T16:44:09
/home/airflow/.local/lib/python3.9/site-packages/airflow/example_dags/tutorial_taskflow_api_etl.py                                         1           0  0.48s           2022-04-26T16:44:09
/home/airflow/.local/lib/python3.9/site-packages/airflow/example_dags/example_branch_datetime_operator.py                                  1           0  0.70s           2022-04-26T16:44:15
/home/airflow/.local/lib/python3.9/site-packages/airflow/example_dags/tutorial.py                                                          1           0  0.64s           2022-04-26T16:44:15
/home/airflow/.local/lib/python3.9/site-packages/airflow/example_dags/example_kubernetes_executor.py                                       1           0  0.19s           2022-04-26T16:44:18
/home/airflow/.local/lib/python3.9/site-packages/airflow/example_dags/example_trigger_controller_dag.py                                    1           0  0.15s           2022-04-26T16:44:18
/home/airflow/.local/lib/python3.9/site-packages/airflow/example_dags/example_passing_params_via_test_command.py                           1           0  0.15s           2022-04-26T16:44:21
/home/airflow/.local/lib/python3.9/site-packages/airflow/example_dags/example_latest_only.py                                               1           0  0.15s           2022-04-26T16:44:23
/home/airflow/.local/lib/python3.9/site-packages/airflow/example_dags/example_skip_dag.py                                                  1           0  0.18s           2022-04-26T16:44:23
/home/airflow/.local/lib/python3.9/site-packages/airflow/example_dags/example_dag_decorator.py                                             1           0  0.77s           2022-04-26T16:44:27
/home/airflow/.local/lib/python3.9/site-packages/airflow/example_dags/example_task_group.py                                                1           0  0.36s           2022-04-26T16:44:27
/home/airflow/.local/lib/python3.9/site-packages/airflow/example_dags/example_complex.py                            284  0.00s             1           0  2.79s           2022-04-26T16:43:58
/home/airflow/.local/lib/python3.9/site-packages/airflow/example_dags/example_sla_dag.py                                                   1           0  2.86s           2022-04-26T16:43:59
/home/airflow/.local/lib/python3.9/site-packages/airflow/example_dags/example_bash_operator.py                                             1           0  2.92s           2022-04-26T16:44:01
/home/airflow/.local/lib/python3.9/site-packages/airflow/example_dags/example_python_operator.py                                           1           0  3.29s           2022-04-26T16:44:02
/home/airflow/.local/lib/python3.9/site-packages/airflow/example_dags/example_branch_day_of_week_operator.py                               1           0  3.19s           2022-04-26T16:44:04
/home/airflow/.local/lib/python3.9/site-packages/airflow/example_dags/example_branch_python_dop_operator_3.py                              1           0  2.70s           2022-04-26T16:44:05
/home/airflow/.local/lib/python3.9/site-packages/airflow/example_dags/example_task_group_decorator.py                                      1           0  2.80s           2022-04-26T16:44:07
/home/airflow/.local/lib/python3.9/site-packages/airflow/example_dags/example_branch_operator.py                                           1           0  2.77s           2022-04-26T16:44:08
/home/airflow/.local/lib/python3.9/site-packages/airflow/example_dags/example_xcomargs.py                                                  2           0  0.38s           2022-04-26T16:44:10
/home/airflow/.local/lib/python3.9/site-packages/airflow/example_dags/example_external_task_marker_dag.py                                  2           0  0.15s           2022-04-26T16:44:21
/home/airflow/.local/lib/python3.9/site-packages/airflow/example_dags/example_subdag_operator.py                                           3           0  0.18s           2022-04-26T16:44:10
================================================================================
[2022-04-26 16:44:33,363] {manager.py:1106} INFO - Finding 'running' jobs without a recent heartbeat
[2022-04-26 16:44:33,367] {manager.py:1110} INFO - Failing jobs without heartbeat after 2022-04-26 16:39:33.367396+00:00
[2022-04-26 16:44:43,799] {manager.py:1106} INFO - Finding 'running' jobs without a recent heartbeat
[2022-04-26 16:44:43,803] {manager.py:1110} INFO - Failing jobs without heartbeat after 2022-04-26 16:39:43.803316+00:00
[2022-04-26 16:44:53,826] {manager.py:1106} INFO - Finding 'running' jobs without a recent heartbeat
[2022-04-26 16:44:53,829] {manager.py:1110} INFO - Failing jobs without heartbeat after 2022-04-26 16:39:53.829293+00:00
[2022-04-26 16:44:56,211] {manager.py:498} INFO - Exiting gracefully upon receiving signal 15
