[2022-04-26 16:43:39,697] {processor.py:163} INFO - Started process (PID=119) to work on /home/airflow/.local/lib/python3.9/site-packages/airflow/example_dags/example_branch_datetime_operator.py
[2022-04-26 16:43:39,700] {processor.py:642} INFO - Processing file /home/airflow/.local/lib/python3.9/site-packages/airflow/example_dags/example_branch_datetime_operator.py for tasks to queue
[2022-04-26 16:43:39,701] {logging_mixin.py:109} INFO - [2022-04-26 16:43:39,701] {dagbag.py:500} INFO - Filling up the DagBag from /home/airflow/.local/lib/python3.9/site-packages/airflow/example_dags/example_branch_datetime_operator.py
[2022-04-26 16:43:39,725] {processor.py:652} INFO - DAG(s) dict_keys(['example_branch_datetime_operator_2']) retrieved from /home/airflow/.local/lib/python3.9/site-packages/airflow/example_dags/example_branch_datetime_operator.py
[2022-04-26 16:43:43,848] {logging_mixin.py:109} INFO - [2022-04-26 16:43:43,848] {manager.py:496} INFO - Created Permission View: can edit on DAG:example_branch_datetime_operator_2
[2022-04-26 16:43:43,873] {logging_mixin.py:109} INFO - [2022-04-26 16:43:43,873] {manager.py:496} INFO - Created Permission View: can read on DAG:example_branch_datetime_operator_2
[2022-04-26 16:43:43,880] {logging_mixin.py:109} INFO - [2022-04-26 16:43:43,880] {dag.py:2398} INFO - Sync 1 DAGs
[2022-04-26 16:43:43,900] {logging_mixin.py:109} INFO - [2022-04-26 16:43:43,900] {dag.py:2417} INFO - Creating ORM DAG for example_branch_datetime_operator_2
[2022-04-26 16:43:43,925] {logging_mixin.py:109} INFO - [2022-04-26 16:43:43,925] {dag.py:2937} INFO - Setting next_dagrun for example_branch_datetime_operator_2 to 2022-04-25 00:00:00+00:00
[2022-04-26 16:43:43,949] {processor.py:171} INFO - Processing /home/airflow/.local/lib/python3.9/site-packages/airflow/example_dags/example_branch_datetime_operator.py took 4.255 seconds
[2022-04-26 16:44:14,639] {processor.py:163} INFO - Started process (PID=265) to work on /home/airflow/.local/lib/python3.9/site-packages/airflow/example_dags/example_branch_datetime_operator.py
[2022-04-26 16:44:14,654] {processor.py:642} INFO - Processing file /home/airflow/.local/lib/python3.9/site-packages/airflow/example_dags/example_branch_datetime_operator.py for tasks to queue
[2022-04-26 16:44:14,665] {logging_mixin.py:109} INFO - [2022-04-26 16:44:14,664] {dagbag.py:500} INFO - Filling up the DagBag from /home/airflow/.local/lib/python3.9/site-packages/airflow/example_dags/example_branch_datetime_operator.py
[2022-04-26 16:44:14,865] {processor.py:652} INFO - DAG(s) dict_keys(['example_branch_datetime_operator_2']) retrieved from /home/airflow/.local/lib/python3.9/site-packages/airflow/example_dags/example_branch_datetime_operator.py
[2022-04-26 16:44:15,021] {logging_mixin.py:109} INFO - [2022-04-26 16:44:15,019] {dag.py:2398} INFO - Sync 1 DAGs
[2022-04-26 16:44:15,199] {logging_mixin.py:109} INFO - [2022-04-26 16:44:15,199] {dag.py:2937} INFO - Setting next_dagrun for example_branch_datetime_operator_2 to 2022-04-25 00:00:00+00:00
[2022-04-26 16:44:15,236] {processor.py:171} INFO - Processing /home/airflow/.local/lib/python3.9/site-packages/airflow/example_dags/example_branch_datetime_operator.py took 0.614 seconds
[2022-04-26 16:44:45,308] {processor.py:163} INFO - Started process (PID=314) to work on /home/airflow/.local/lib/python3.9/site-packages/airflow/example_dags/example_branch_datetime_operator.py
[2022-04-26 16:44:45,310] {processor.py:642} INFO - Processing file /home/airflow/.local/lib/python3.9/site-packages/airflow/example_dags/example_branch_datetime_operator.py for tasks to queue
[2022-04-26 16:44:45,312] {logging_mixin.py:109} INFO - [2022-04-26 16:44:45,312] {dagbag.py:500} INFO - Filling up the DagBag from /home/airflow/.local/lib/python3.9/site-packages/airflow/example_dags/example_branch_datetime_operator.py
[2022-04-26 16:44:45,339] {processor.py:652} INFO - DAG(s) dict_keys(['example_branch_datetime_operator_2']) retrieved from /home/airflow/.local/lib/python3.9/site-packages/airflow/example_dags/example_branch_datetime_operator.py
[2022-04-26 16:44:45,375] {logging_mixin.py:109} INFO - [2022-04-26 16:44:45,374] {dag.py:2398} INFO - Sync 1 DAGs
[2022-04-26 16:44:45,406] {logging_mixin.py:109} INFO - [2022-04-26 16:44:45,406] {dag.py:2937} INFO - Setting next_dagrun for example_branch_datetime_operator_2 to 2022-04-25 00:00:00+00:00
[2022-04-26 16:44:45,426] {processor.py:171} INFO - Processing /home/airflow/.local/lib/python3.9/site-packages/airflow/example_dags/example_branch_datetime_operator.py took 0.122 seconds
