[2022-04-26 16:43:10,831] {processor.py:163} INFO - Started process (PID=50) to work on /home/airflow/.local/lib/python3.9/site-packages/airflow/example_dags/example_trigger_target_dag.py
[2022-04-26 16:43:10,842] {processor.py:642} INFO - Processing file /home/airflow/.local/lib/python3.9/site-packages/airflow/example_dags/example_trigger_target_dag.py for tasks to queue
[2022-04-26 16:43:10,851] {logging_mixin.py:109} INFO - [2022-04-26 16:43:10,851] {dagbag.py:500} INFO - Filling up the DagBag from /home/airflow/.local/lib/python3.9/site-packages/airflow/example_dags/example_trigger_target_dag.py
[2022-04-26 16:43:10,952] {processor.py:652} INFO - DAG(s) dict_keys(['example_trigger_target_dag']) retrieved from /home/airflow/.local/lib/python3.9/site-packages/airflow/example_dags/example_trigger_target_dag.py
[2022-04-26 16:43:17,265] {logging_mixin.py:109} INFO - [2022-04-26 16:43:17,264] {manager.py:496} INFO - Created Permission View: can edit on DAG:example_trigger_target_dag
[2022-04-26 16:43:17,288] {logging_mixin.py:109} INFO - [2022-04-26 16:43:17,287] {manager.py:496} INFO - Created Permission View: can read on DAG:example_trigger_target_dag
[2022-04-26 16:43:17,290] {logging_mixin.py:109} INFO - [2022-04-26 16:43:17,290] {dag.py:2398} INFO - Sync 1 DAGs
[2022-04-26 16:43:17,308] {logging_mixin.py:109} INFO - [2022-04-26 16:43:17,308] {dag.py:2417} INFO - Creating ORM DAG for example_trigger_target_dag
[2022-04-26 16:43:17,331] {logging_mixin.py:109} INFO - [2022-04-26 16:43:17,331] {dag.py:2937} INFO - Setting next_dagrun for example_trigger_target_dag to None
[2022-04-26 16:43:17,364] {processor.py:171} INFO - Processing /home/airflow/.local/lib/python3.9/site-packages/airflow/example_dags/example_trigger_target_dag.py took 6.543 seconds
[2022-04-26 16:44:08,573] {processor.py:163} INFO - Started process (PID=247) to work on /home/airflow/.local/lib/python3.9/site-packages/airflow/example_dags/example_trigger_target_dag.py
[2022-04-26 16:44:08,576] {processor.py:642} INFO - Processing file /home/airflow/.local/lib/python3.9/site-packages/airflow/example_dags/example_trigger_target_dag.py for tasks to queue
[2022-04-26 16:44:08,579] {logging_mixin.py:109} INFO - [2022-04-26 16:44:08,579] {dagbag.py:500} INFO - Filling up the DagBag from /home/airflow/.local/lib/python3.9/site-packages/airflow/example_dags/example_trigger_target_dag.py
[2022-04-26 16:44:08,616] {processor.py:652} INFO - DAG(s) dict_keys(['example_trigger_target_dag']) retrieved from /home/airflow/.local/lib/python3.9/site-packages/airflow/example_dags/example_trigger_target_dag.py
[2022-04-26 16:44:08,655] {logging_mixin.py:109} INFO - [2022-04-26 16:44:08,655] {dag.py:2398} INFO - Sync 1 DAGs
[2022-04-26 16:44:08,687] {logging_mixin.py:109} INFO - [2022-04-26 16:44:08,687] {dag.py:2937} INFO - Setting next_dagrun for example_trigger_target_dag to None
[2022-04-26 16:44:08,709] {processor.py:171} INFO - Processing /home/airflow/.local/lib/python3.9/site-packages/airflow/example_dags/example_trigger_target_dag.py took 0.142 seconds
[2022-04-26 16:44:39,590] {processor.py:163} INFO - Started process (PID=303) to work on /home/airflow/.local/lib/python3.9/site-packages/airflow/example_dags/example_trigger_target_dag.py
[2022-04-26 16:44:39,592] {processor.py:642} INFO - Processing file /home/airflow/.local/lib/python3.9/site-packages/airflow/example_dags/example_trigger_target_dag.py for tasks to queue
[2022-04-26 16:44:39,594] {logging_mixin.py:109} INFO - [2022-04-26 16:44:39,594] {dagbag.py:500} INFO - Filling up the DagBag from /home/airflow/.local/lib/python3.9/site-packages/airflow/example_dags/example_trigger_target_dag.py
[2022-04-26 16:44:39,622] {processor.py:652} INFO - DAG(s) dict_keys(['example_trigger_target_dag']) retrieved from /home/airflow/.local/lib/python3.9/site-packages/airflow/example_dags/example_trigger_target_dag.py
[2022-04-26 16:44:39,653] {logging_mixin.py:109} INFO - [2022-04-26 16:44:39,653] {dag.py:2398} INFO - Sync 1 DAGs
[2022-04-26 16:44:39,674] {logging_mixin.py:109} INFO - [2022-04-26 16:44:39,674] {dag.py:2937} INFO - Setting next_dagrun for example_trigger_target_dag to None
[2022-04-26 16:44:39,689] {processor.py:171} INFO - Processing /home/airflow/.local/lib/python3.9/site-packages/airflow/example_dags/example_trigger_target_dag.py took 0.104 seconds
