[2022-04-26 16:43:22,036] {processor.py:163} INFO - Started process (PID=83) to work on /home/airflow/.local/lib/python3.9/site-packages/airflow/example_dags/example_branch_labels.py
[2022-04-26 16:43:22,042] {processor.py:642} INFO - Processing file /home/airflow/.local/lib/python3.9/site-packages/airflow/example_dags/example_branch_labels.py for tasks to queue
[2022-04-26 16:43:22,044] {logging_mixin.py:109} INFO - [2022-04-26 16:43:22,044] {dagbag.py:500} INFO - Filling up the DagBag from /home/airflow/.local/lib/python3.9/site-packages/airflow/example_dags/example_branch_labels.py
[2022-04-26 16:43:22,135] {processor.py:652} INFO - DAG(s) dict_keys(['example_branch_labels']) retrieved from /home/airflow/.local/lib/python3.9/site-packages/airflow/example_dags/example_branch_labels.py
[2022-04-26 16:43:30,626] {logging_mixin.py:109} INFO - [2022-04-26 16:43:30,624] {manager.py:496} INFO - Created Permission View: can edit on DAG:example_branch_labels
[2022-04-26 16:43:30,646] {logging_mixin.py:109} INFO - [2022-04-26 16:43:30,646] {manager.py:496} INFO - Created Permission View: can read on DAG:example_branch_labels
[2022-04-26 16:43:30,649] {logging_mixin.py:109} INFO - [2022-04-26 16:43:30,648] {dag.py:2398} INFO - Sync 1 DAGs
[2022-04-26 16:43:30,662] {logging_mixin.py:109} INFO - [2022-04-26 16:43:30,662] {dag.py:2417} INFO - Creating ORM DAG for example_branch_labels
[2022-04-26 16:43:30,685] {logging_mixin.py:109} INFO - [2022-04-26 16:43:30,685] {dag.py:2937} INFO - Setting next_dagrun for example_branch_labels to 2022-04-25 00:00:00+00:00
[2022-04-26 16:43:30,710] {processor.py:171} INFO - Processing /home/airflow/.local/lib/python3.9/site-packages/airflow/example_dags/example_branch_labels.py took 8.687 seconds
[2022-04-26 16:44:08,883] {processor.py:163} INFO - Started process (PID=251) to work on /home/airflow/.local/lib/python3.9/site-packages/airflow/example_dags/example_branch_labels.py
[2022-04-26 16:44:08,886] {processor.py:642} INFO - Processing file /home/airflow/.local/lib/python3.9/site-packages/airflow/example_dags/example_branch_labels.py for tasks to queue
[2022-04-26 16:44:08,887] {logging_mixin.py:109} INFO - [2022-04-26 16:44:08,887] {dagbag.py:500} INFO - Filling up the DagBag from /home/airflow/.local/lib/python3.9/site-packages/airflow/example_dags/example_branch_labels.py
[2022-04-26 16:44:08,908] {processor.py:652} INFO - DAG(s) dict_keys(['example_branch_labels']) retrieved from /home/airflow/.local/lib/python3.9/site-packages/airflow/example_dags/example_branch_labels.py
[2022-04-26 16:44:08,940] {logging_mixin.py:109} INFO - [2022-04-26 16:44:08,939] {dag.py:2398} INFO - Sync 1 DAGs
[2022-04-26 16:44:08,972] {logging_mixin.py:109} INFO - [2022-04-26 16:44:08,972] {dag.py:2937} INFO - Setting next_dagrun for example_branch_labels to 2022-04-25 00:00:00+00:00
[2022-04-26 16:44:08,994] {processor.py:171} INFO - Processing /home/airflow/.local/lib/python3.9/site-packages/airflow/example_dags/example_branch_labels.py took 0.116 seconds
[2022-04-26 16:44:39,853] {processor.py:163} INFO - Started process (PID=307) to work on /home/airflow/.local/lib/python3.9/site-packages/airflow/example_dags/example_branch_labels.py
[2022-04-26 16:44:39,857] {processor.py:642} INFO - Processing file /home/airflow/.local/lib/python3.9/site-packages/airflow/example_dags/example_branch_labels.py for tasks to queue
[2022-04-26 16:44:39,861] {logging_mixin.py:109} INFO - [2022-04-26 16:44:39,861] {dagbag.py:500} INFO - Filling up the DagBag from /home/airflow/.local/lib/python3.9/site-packages/airflow/example_dags/example_branch_labels.py
[2022-04-26 16:44:39,892] {processor.py:652} INFO - DAG(s) dict_keys(['example_branch_labels']) retrieved from /home/airflow/.local/lib/python3.9/site-packages/airflow/example_dags/example_branch_labels.py
[2022-04-26 16:44:39,920] {logging_mixin.py:109} INFO - [2022-04-26 16:44:39,920] {dag.py:2398} INFO - Sync 1 DAGs
[2022-04-26 16:44:39,947] {logging_mixin.py:109} INFO - [2022-04-26 16:44:39,946] {dag.py:2937} INFO - Setting next_dagrun for example_branch_labels to 2022-04-25 00:00:00+00:00
[2022-04-26 16:44:39,960] {processor.py:171} INFO - Processing /home/airflow/.local/lib/python3.9/site-packages/airflow/example_dags/example_branch_labels.py took 0.117 seconds
