[2022-04-26 16:43:47,477] {processor.py:163} INFO - Started process (PID=151) to work on /home/airflow/.local/lib/python3.9/site-packages/airflow/example_dags/example_external_task_marker_dag.py
[2022-04-26 16:43:47,484] {processor.py:642} INFO - Processing file /home/airflow/.local/lib/python3.9/site-packages/airflow/example_dags/example_external_task_marker_dag.py for tasks to queue
[2022-04-26 16:43:47,488] {logging_mixin.py:109} INFO - [2022-04-26 16:43:47,487] {dagbag.py:500} INFO - Filling up the DagBag from /home/airflow/.local/lib/python3.9/site-packages/airflow/example_dags/example_external_task_marker_dag.py
[2022-04-26 16:43:47,603] {processor.py:652} INFO - DAG(s) dict_keys(['example_external_task_marker_parent', 'example_external_task_marker_child']) retrieved from /home/airflow/.local/lib/python3.9/site-packages/airflow/example_dags/example_external_task_marker_dag.py
[2022-04-26 16:43:50,514] {logging_mixin.py:109} INFO - [2022-04-26 16:43:50,514] {manager.py:496} INFO - Created Permission View: can edit on DAG:example_external_task_marker_parent
[2022-04-26 16:43:50,529] {logging_mixin.py:109} INFO - [2022-04-26 16:43:50,529] {manager.py:496} INFO - Created Permission View: can read on DAG:example_external_task_marker_parent
[2022-04-26 16:43:50,558] {logging_mixin.py:109} INFO - [2022-04-26 16:43:50,558] {manager.py:496} INFO - Created Permission View: can edit on DAG:example_external_task_marker_child
[2022-04-26 16:43:50,577] {logging_mixin.py:109} INFO - [2022-04-26 16:43:50,577] {manager.py:496} INFO - Created Permission View: can read on DAG:example_external_task_marker_child
[2022-04-26 16:43:50,579] {logging_mixin.py:109} INFO - [2022-04-26 16:43:50,579] {dag.py:2398} INFO - Sync 2 DAGs
[2022-04-26 16:43:50,597] {logging_mixin.py:109} INFO - [2022-04-26 16:43:50,596] {dag.py:2417} INFO - Creating ORM DAG for example_external_task_marker_parent
[2022-04-26 16:43:50,599] {logging_mixin.py:109} INFO - [2022-04-26 16:43:50,599] {dag.py:2417} INFO - Creating ORM DAG for example_external_task_marker_child
[2022-04-26 16:43:50,613] {logging_mixin.py:109} INFO - [2022-04-26 16:43:50,613] {dag.py:2937} INFO - Setting next_dagrun for example_external_task_marker_child to None
[2022-04-26 16:43:50,615] {logging_mixin.py:109} INFO - [2022-04-26 16:43:50,615] {dag.py:2937} INFO - Setting next_dagrun for example_external_task_marker_parent to None
[2022-04-26 16:43:50,640] {processor.py:171} INFO - Processing /home/airflow/.local/lib/python3.9/site-packages/airflow/example_dags/example_external_task_marker_dag.py took 3.211 seconds
[2022-04-26 16:44:21,382] {processor.py:163} INFO - Started process (PID=269) to work on /home/airflow/.local/lib/python3.9/site-packages/airflow/example_dags/example_external_task_marker_dag.py
[2022-04-26 16:44:21,389] {processor.py:642} INFO - Processing file /home/airflow/.local/lib/python3.9/site-packages/airflow/example_dags/example_external_task_marker_dag.py for tasks to queue
[2022-04-26 16:44:21,391] {logging_mixin.py:109} INFO - [2022-04-26 16:44:21,391] {dagbag.py:500} INFO - Filling up the DagBag from /home/airflow/.local/lib/python3.9/site-packages/airflow/example_dags/example_external_task_marker_dag.py
[2022-04-26 16:44:21,412] {processor.py:652} INFO - DAG(s) dict_keys(['example_external_task_marker_parent', 'example_external_task_marker_child']) retrieved from /home/airflow/.local/lib/python3.9/site-packages/airflow/example_dags/example_external_task_marker_dag.py
[2022-04-26 16:44:21,448] {logging_mixin.py:109} INFO - [2022-04-26 16:44:21,448] {dag.py:2398} INFO - Sync 2 DAGs
[2022-04-26 16:44:21,473] {logging_mixin.py:109} INFO - [2022-04-26 16:44:21,473] {dag.py:2937} INFO - Setting next_dagrun for example_external_task_marker_child to None
[2022-04-26 16:44:21,475] {logging_mixin.py:109} INFO - [2022-04-26 16:44:21,474] {dag.py:2937} INFO - Setting next_dagrun for example_external_task_marker_parent to None
[2022-04-26 16:44:21,494] {processor.py:171} INFO - Processing /home/airflow/.local/lib/python3.9/site-packages/airflow/example_dags/example_external_task_marker_dag.py took 0.118 seconds
[2022-04-26 16:44:51,615] {processor.py:163} INFO - Started process (PID=325) to work on /home/airflow/.local/lib/python3.9/site-packages/airflow/example_dags/example_external_task_marker_dag.py
[2022-04-26 16:44:51,623] {processor.py:642} INFO - Processing file /home/airflow/.local/lib/python3.9/site-packages/airflow/example_dags/example_external_task_marker_dag.py for tasks to queue
[2022-04-26 16:44:51,625] {logging_mixin.py:109} INFO - [2022-04-26 16:44:51,625] {dagbag.py:500} INFO - Filling up the DagBag from /home/airflow/.local/lib/python3.9/site-packages/airflow/example_dags/example_external_task_marker_dag.py
[2022-04-26 16:44:51,651] {processor.py:652} INFO - DAG(s) dict_keys(['example_external_task_marker_parent', 'example_external_task_marker_child']) retrieved from /home/airflow/.local/lib/python3.9/site-packages/airflow/example_dags/example_external_task_marker_dag.py
[2022-04-26 16:44:51,701] {logging_mixin.py:109} INFO - [2022-04-26 16:44:51,701] {dag.py:2398} INFO - Sync 2 DAGs
[2022-04-26 16:44:51,747] {logging_mixin.py:109} INFO - [2022-04-26 16:44:51,746] {dag.py:2937} INFO - Setting next_dagrun for example_external_task_marker_child to None
[2022-04-26 16:44:51,749] {logging_mixin.py:109} INFO - [2022-04-26 16:44:51,749] {dag.py:2937} INFO - Setting next_dagrun for example_external_task_marker_parent to None
[2022-04-26 16:44:51,779] {processor.py:171} INFO - Processing /home/airflow/.local/lib/python3.9/site-packages/airflow/example_dags/example_external_task_marker_dag.py took 0.171 seconds
