[2022-04-26 16:42:57,954] {processor.py:163} INFO - Started process (PID=31) to work on /home/airflow/.local/lib/python3.9/site-packages/airflow/example_dags/example_xcom.py
[2022-04-26 16:42:57,962] {processor.py:642} INFO - Processing file /home/airflow/.local/lib/python3.9/site-packages/airflow/example_dags/example_xcom.py for tasks to queue
[2022-04-26 16:42:57,966] {logging_mixin.py:109} INFO - [2022-04-26 16:42:57,966] {dagbag.py:500} INFO - Filling up the DagBag from /home/airflow/.local/lib/python3.9/site-packages/airflow/example_dags/example_xcom.py
[2022-04-26 16:42:58,053] {processor.py:652} INFO - DAG(s) dict_keys(['example_xcom']) retrieved from /home/airflow/.local/lib/python3.9/site-packages/airflow/example_dags/example_xcom.py
[2022-04-26 16:43:08,808] {logging_mixin.py:109} WARNING - /home/airflow/.local/lib/python3.9/site-packages/azure/storage/common/_connection.py:82 SyntaxWarning: "is" with a literal. Did you mean "=="?
[2022-04-26 16:43:10,529] {logging_mixin.py:109} INFO - [2022-04-26 16:43:10,529] {manager.py:496} INFO - Created Permission View: can edit on DAG:example_xcom
[2022-04-26 16:43:10,570] {logging_mixin.py:109} INFO - [2022-04-26 16:43:10,570] {manager.py:496} INFO - Created Permission View: can read on DAG:example_xcom
[2022-04-26 16:43:10,572] {logging_mixin.py:109} INFO - [2022-04-26 16:43:10,572] {dag.py:2398} INFO - Sync 1 DAGs
[2022-04-26 16:43:10,617] {logging_mixin.py:109} INFO - [2022-04-26 16:43:10,616] {dag.py:2417} INFO - Creating ORM DAG for example_xcom
[2022-04-26 16:43:10,639] {logging_mixin.py:109} INFO - [2022-04-26 16:43:10,639] {dag.py:2937} INFO - Setting next_dagrun for example_xcom to 2021-01-01T00:00:00+00:00
[2022-04-26 16:43:10,669] {processor.py:171} INFO - Processing /home/airflow/.local/lib/python3.9/site-packages/airflow/example_dags/example_xcom.py took 12.733 seconds
[2022-04-26 16:44:07,830] {processor.py:163} INFO - Started process (PID=245) to work on /home/airflow/.local/lib/python3.9/site-packages/airflow/example_dags/example_xcom.py
[2022-04-26 16:44:07,833] {processor.py:642} INFO - Processing file /home/airflow/.local/lib/python3.9/site-packages/airflow/example_dags/example_xcom.py for tasks to queue
[2022-04-26 16:44:07,835] {logging_mixin.py:109} INFO - [2022-04-26 16:44:07,835] {dagbag.py:500} INFO - Filling up the DagBag from /home/airflow/.local/lib/python3.9/site-packages/airflow/example_dags/example_xcom.py
[2022-04-26 16:44:07,863] {processor.py:652} INFO - DAG(s) dict_keys(['example_xcom']) retrieved from /home/airflow/.local/lib/python3.9/site-packages/airflow/example_dags/example_xcom.py
[2022-04-26 16:44:08,117] {logging_mixin.py:109} INFO - [2022-04-26 16:44:08,117] {dag.py:2398} INFO - Sync 1 DAGs
[2022-04-26 16:44:08,136] {logging_mixin.py:109} INFO - [2022-04-26 16:44:08,135] {dag.py:2937} INFO - Setting next_dagrun for example_xcom to 2021-01-01T00:00:00+00:00
[2022-04-26 16:44:08,154] {processor.py:171} INFO - Processing /home/airflow/.local/lib/python3.9/site-packages/airflow/example_dags/example_xcom.py took 0.328 seconds
[2022-04-26 16:44:39,159] {processor.py:163} INFO - Started process (PID=301) to work on /home/airflow/.local/lib/python3.9/site-packages/airflow/example_dags/example_xcom.py
[2022-04-26 16:44:39,167] {processor.py:642} INFO - Processing file /home/airflow/.local/lib/python3.9/site-packages/airflow/example_dags/example_xcom.py for tasks to queue
[2022-04-26 16:44:39,169] {logging_mixin.py:109} INFO - [2022-04-26 16:44:39,169] {dagbag.py:500} INFO - Filling up the DagBag from /home/airflow/.local/lib/python3.9/site-packages/airflow/example_dags/example_xcom.py
[2022-04-26 16:44:39,207] {processor.py:652} INFO - DAG(s) dict_keys(['example_xcom']) retrieved from /home/airflow/.local/lib/python3.9/site-packages/airflow/example_dags/example_xcom.py
[2022-04-26 16:44:39,504] {logging_mixin.py:109} INFO - [2022-04-26 16:44:39,504] {dag.py:2398} INFO - Sync 1 DAGs
[2022-04-26 16:44:39,526] {logging_mixin.py:109} INFO - [2022-04-26 16:44:39,526] {dag.py:2937} INFO - Setting next_dagrun for example_xcom to 2021-01-01T00:00:00+00:00
[2022-04-26 16:44:39,552] {processor.py:171} INFO - Processing /home/airflow/.local/lib/python3.9/site-packages/airflow/example_dags/example_xcom.py took 0.397 seconds
