[2022-04-26 16:43:22,149] {processor.py:163} INFO - Started process (PID=84) to work on /home/airflow/.local/lib/python3.9/site-packages/airflow/example_dags/example_time_delta_sensor_async.py
[2022-04-26 16:43:22,157] {processor.py:642} INFO - Processing file /home/airflow/.local/lib/python3.9/site-packages/airflow/example_dags/example_time_delta_sensor_async.py for tasks to queue
[2022-04-26 16:43:22,161] {logging_mixin.py:109} INFO - [2022-04-26 16:43:22,161] {dagbag.py:500} INFO - Filling up the DagBag from /home/airflow/.local/lib/python3.9/site-packages/airflow/example_dags/example_time_delta_sensor_async.py
[2022-04-26 16:43:22,204] {processor.py:652} INFO - DAG(s) dict_keys(['example_time_delta_sensor_async']) retrieved from /home/airflow/.local/lib/python3.9/site-packages/airflow/example_dags/example_time_delta_sensor_async.py
[2022-04-26 16:43:30,394] {logging_mixin.py:109} INFO - [2022-04-26 16:43:30,394] {manager.py:496} INFO - Created Permission View: can edit on DAG:example_time_delta_sensor_async
[2022-04-26 16:43:30,408] {logging_mixin.py:109} INFO - [2022-04-26 16:43:30,408] {manager.py:496} INFO - Created Permission View: can read on DAG:example_time_delta_sensor_async
[2022-04-26 16:43:30,410] {logging_mixin.py:109} INFO - [2022-04-26 16:43:30,410] {dag.py:2398} INFO - Sync 1 DAGs
[2022-04-26 16:43:30,422] {logging_mixin.py:109} INFO - [2022-04-26 16:43:30,422] {dag.py:2417} INFO - Creating ORM DAG for example_time_delta_sensor_async
[2022-04-26 16:43:30,436] {logging_mixin.py:109} INFO - [2022-04-26 16:43:30,435] {dag.py:2937} INFO - Setting next_dagrun for example_time_delta_sensor_async to None
[2022-04-26 16:43:30,478] {processor.py:171} INFO - Processing /home/airflow/.local/lib/python3.9/site-packages/airflow/example_dags/example_time_delta_sensor_async.py took 8.334 seconds
[2022-04-26 16:44:09,024] {processor.py:163} INFO - Started process (PID=252) to work on /home/airflow/.local/lib/python3.9/site-packages/airflow/example_dags/example_time_delta_sensor_async.py
[2022-04-26 16:44:09,028] {processor.py:642} INFO - Processing file /home/airflow/.local/lib/python3.9/site-packages/airflow/example_dags/example_time_delta_sensor_async.py for tasks to queue
[2022-04-26 16:44:09,031] {logging_mixin.py:109} INFO - [2022-04-26 16:44:09,030] {dagbag.py:500} INFO - Filling up the DagBag from /home/airflow/.local/lib/python3.9/site-packages/airflow/example_dags/example_time_delta_sensor_async.py
[2022-04-26 16:44:09,057] {processor.py:652} INFO - DAG(s) dict_keys(['example_time_delta_sensor_async']) retrieved from /home/airflow/.local/lib/python3.9/site-packages/airflow/example_dags/example_time_delta_sensor_async.py
[2022-04-26 16:44:09,095] {logging_mixin.py:109} INFO - [2022-04-26 16:44:09,095] {dag.py:2398} INFO - Sync 1 DAGs
[2022-04-26 16:44:09,122] {logging_mixin.py:109} INFO - [2022-04-26 16:44:09,122] {dag.py:2937} INFO - Setting next_dagrun for example_time_delta_sensor_async to None
[2022-04-26 16:44:09,146] {processor.py:171} INFO - Processing /home/airflow/.local/lib/python3.9/site-packages/airflow/example_dags/example_time_delta_sensor_async.py took 0.127 seconds
[2022-04-26 16:44:40,012] {processor.py:163} INFO - Started process (PID=309) to work on /home/airflow/.local/lib/python3.9/site-packages/airflow/example_dags/example_time_delta_sensor_async.py
[2022-04-26 16:44:40,015] {processor.py:642} INFO - Processing file /home/airflow/.local/lib/python3.9/site-packages/airflow/example_dags/example_time_delta_sensor_async.py for tasks to queue
[2022-04-26 16:44:40,017] {logging_mixin.py:109} INFO - [2022-04-26 16:44:40,017] {dagbag.py:500} INFO - Filling up the DagBag from /home/airflow/.local/lib/python3.9/site-packages/airflow/example_dags/example_time_delta_sensor_async.py
[2022-04-26 16:44:40,055] {processor.py:652} INFO - DAG(s) dict_keys(['example_time_delta_sensor_async']) retrieved from /home/airflow/.local/lib/python3.9/site-packages/airflow/example_dags/example_time_delta_sensor_async.py
[2022-04-26 16:44:40,092] {logging_mixin.py:109} INFO - [2022-04-26 16:44:40,092] {dag.py:2398} INFO - Sync 1 DAGs
[2022-04-26 16:44:40,120] {logging_mixin.py:109} INFO - [2022-04-26 16:44:40,120] {dag.py:2937} INFO - Setting next_dagrun for example_time_delta_sensor_async to None
[2022-04-26 16:44:40,138] {processor.py:171} INFO - Processing /home/airflow/.local/lib/python3.9/site-packages/airflow/example_dags/example_time_delta_sensor_async.py took 0.132 seconds
