[2022-04-26 16:43:44,333] {processor.py:163} INFO - Started process (PID=140) to work on /home/airflow/.local/lib/python3.9/site-packages/airflow/example_dags/example_trigger_controller_dag.py
[2022-04-26 16:43:44,337] {processor.py:642} INFO - Processing file /home/airflow/.local/lib/python3.9/site-packages/airflow/example_dags/example_trigger_controller_dag.py for tasks to queue
[2022-04-26 16:43:44,340] {logging_mixin.py:109} INFO - [2022-04-26 16:43:44,339] {dagbag.py:500} INFO - Filling up the DagBag from /home/airflow/.local/lib/python3.9/site-packages/airflow/example_dags/example_trigger_controller_dag.py
[2022-04-26 16:43:44,378] {processor.py:652} INFO - DAG(s) dict_keys(['example_trigger_controller_dag']) retrieved from /home/airflow/.local/lib/python3.9/site-packages/airflow/example_dags/example_trigger_controller_dag.py
[2022-04-26 16:43:47,549] {logging_mixin.py:109} INFO - [2022-04-26 16:43:47,549] {manager.py:496} INFO - Created Permission View: can edit on DAG:example_trigger_controller_dag
[2022-04-26 16:43:47,564] {logging_mixin.py:109} INFO - [2022-04-26 16:43:47,563] {manager.py:496} INFO - Created Permission View: can read on DAG:example_trigger_controller_dag
[2022-04-26 16:43:47,565] {logging_mixin.py:109} INFO - [2022-04-26 16:43:47,565] {dag.py:2398} INFO - Sync 1 DAGs
[2022-04-26 16:43:47,577] {logging_mixin.py:109} INFO - [2022-04-26 16:43:47,576] {dag.py:2417} INFO - Creating ORM DAG for example_trigger_controller_dag
[2022-04-26 16:43:47,590] {logging_mixin.py:109} INFO - [2022-04-26 16:43:47,590] {dag.py:2937} INFO - Setting next_dagrun for example_trigger_controller_dag to 2021-01-01T00:00:00+00:00
[2022-04-26 16:43:47,611] {processor.py:171} INFO - Processing /home/airflow/.local/lib/python3.9/site-packages/airflow/example_dags/example_trigger_controller_dag.py took 3.288 seconds
[2022-04-26 16:44:18,247] {processor.py:163} INFO - Started process (PID=268) to work on /home/airflow/.local/lib/python3.9/site-packages/airflow/example_dags/example_trigger_controller_dag.py
[2022-04-26 16:44:18,254] {processor.py:642} INFO - Processing file /home/airflow/.local/lib/python3.9/site-packages/airflow/example_dags/example_trigger_controller_dag.py for tasks to queue
[2022-04-26 16:44:18,256] {logging_mixin.py:109} INFO - [2022-04-26 16:44:18,256] {dagbag.py:500} INFO - Filling up the DagBag from /home/airflow/.local/lib/python3.9/site-packages/airflow/example_dags/example_trigger_controller_dag.py
[2022-04-26 16:44:18,278] {processor.py:652} INFO - DAG(s) dict_keys(['example_trigger_controller_dag']) retrieved from /home/airflow/.local/lib/python3.9/site-packages/airflow/example_dags/example_trigger_controller_dag.py
[2022-04-26 16:44:18,328] {logging_mixin.py:109} INFO - [2022-04-26 16:44:18,328] {dag.py:2398} INFO - Sync 1 DAGs
[2022-04-26 16:44:18,351] {logging_mixin.py:109} INFO - [2022-04-26 16:44:18,351] {dag.py:2937} INFO - Setting next_dagrun for example_trigger_controller_dag to 2021-01-01T00:00:00+00:00
[2022-04-26 16:44:18,367] {processor.py:171} INFO - Processing /home/airflow/.local/lib/python3.9/site-packages/airflow/example_dags/example_trigger_controller_dag.py took 0.124 seconds
[2022-04-26 16:44:48,482] {processor.py:163} INFO - Started process (PID=317) to work on /home/airflow/.local/lib/python3.9/site-packages/airflow/example_dags/example_trigger_controller_dag.py
[2022-04-26 16:44:48,485] {processor.py:642} INFO - Processing file /home/airflow/.local/lib/python3.9/site-packages/airflow/example_dags/example_trigger_controller_dag.py for tasks to queue
[2022-04-26 16:44:48,487] {logging_mixin.py:109} INFO - [2022-04-26 16:44:48,487] {dagbag.py:500} INFO - Filling up the DagBag from /home/airflow/.local/lib/python3.9/site-packages/airflow/example_dags/example_trigger_controller_dag.py
[2022-04-26 16:44:48,510] {processor.py:652} INFO - DAG(s) dict_keys(['example_trigger_controller_dag']) retrieved from /home/airflow/.local/lib/python3.9/site-packages/airflow/example_dags/example_trigger_controller_dag.py
[2022-04-26 16:44:48,514] {logging_mixin.py:109} INFO - [2022-04-26 16:44:48,514] {dag.py:2398} INFO - Sync 1 DAGs
[2022-04-26 16:44:48,540] {logging_mixin.py:109} INFO - [2022-04-26 16:44:48,540] {dag.py:2937} INFO - Setting next_dagrun for example_trigger_controller_dag to 2021-01-01T00:00:00+00:00
[2022-04-26 16:44:48,562] {processor.py:171} INFO - Processing /home/airflow/.local/lib/python3.9/site-packages/airflow/example_dags/example_trigger_controller_dag.py took 0.122 seconds
