[2022-04-26 16:43:44,049] {processor.py:163} INFO - Started process (PID=139) to work on /home/airflow/.local/lib/python3.9/site-packages/airflow/example_dags/example_kubernetes_executor.py
[2022-04-26 16:43:44,054] {processor.py:642} INFO - Processing file /home/airflow/.local/lib/python3.9/site-packages/airflow/example_dags/example_kubernetes_executor.py for tasks to queue
[2022-04-26 16:43:44,058] {logging_mixin.py:109} INFO - [2022-04-26 16:43:44,057] {dagbag.py:500} INFO - Filling up the DagBag from /home/airflow/.local/lib/python3.9/site-packages/airflow/example_dags/example_kubernetes_executor.py
[2022-04-26 16:43:44,125] {processor.py:652} INFO - DAG(s) dict_keys(['example_kubernetes_executor']) retrieved from /home/airflow/.local/lib/python3.9/site-packages/airflow/example_dags/example_kubernetes_executor.py
[2022-04-26 16:43:47,160] {logging_mixin.py:109} INFO - [2022-04-26 16:43:47,160] {manager.py:496} INFO - Created Permission View: can edit on DAG:example_kubernetes_executor
[2022-04-26 16:43:47,188] {logging_mixin.py:109} INFO - [2022-04-26 16:43:47,187] {manager.py:496} INFO - Created Permission View: can read on DAG:example_kubernetes_executor
[2022-04-26 16:43:47,197] {logging_mixin.py:109} INFO - [2022-04-26 16:43:47,191] {dag.py:2398} INFO - Sync 1 DAGs
[2022-04-26 16:43:47,227] {logging_mixin.py:109} INFO - [2022-04-26 16:43:47,227] {dag.py:2417} INFO - Creating ORM DAG for example_kubernetes_executor
[2022-04-26 16:43:47,250] {logging_mixin.py:109} INFO - [2022-04-26 16:43:47,250] {dag.py:2937} INFO - Setting next_dagrun for example_kubernetes_executor to None
[2022-04-26 16:43:47,294] {processor.py:171} INFO - Processing /home/airflow/.local/lib/python3.9/site-packages/airflow/example_dags/example_kubernetes_executor.py took 3.255 seconds
[2022-04-26 16:44:18,251] {processor.py:163} INFO - Started process (PID=267) to work on /home/airflow/.local/lib/python3.9/site-packages/airflow/example_dags/example_kubernetes_executor.py
[2022-04-26 16:44:18,258] {processor.py:642} INFO - Processing file /home/airflow/.local/lib/python3.9/site-packages/airflow/example_dags/example_kubernetes_executor.py for tasks to queue
[2022-04-26 16:44:18,261] {logging_mixin.py:109} INFO - [2022-04-26 16:44:18,260] {dagbag.py:500} INFO - Filling up the DagBag from /home/airflow/.local/lib/python3.9/site-packages/airflow/example_dags/example_kubernetes_executor.py
[2022-04-26 16:44:18,319] {processor.py:652} INFO - DAG(s) dict_keys(['example_kubernetes_executor']) retrieved from /home/airflow/.local/lib/python3.9/site-packages/airflow/example_dags/example_kubernetes_executor.py
[2022-04-26 16:44:18,363] {logging_mixin.py:109} INFO - [2022-04-26 16:44:18,363] {dag.py:2398} INFO - Sync 1 DAGs
[2022-04-26 16:44:18,386] {logging_mixin.py:109} INFO - [2022-04-26 16:44:18,385] {dag.py:2937} INFO - Setting next_dagrun for example_kubernetes_executor to None
[2022-04-26 16:44:18,400] {processor.py:171} INFO - Processing /home/airflow/.local/lib/python3.9/site-packages/airflow/example_dags/example_kubernetes_executor.py took 0.159 seconds
[2022-04-26 16:44:48,476] {processor.py:163} INFO - Started process (PID=316) to work on /home/airflow/.local/lib/python3.9/site-packages/airflow/example_dags/example_kubernetes_executor.py
[2022-04-26 16:44:48,485] {processor.py:642} INFO - Processing file /home/airflow/.local/lib/python3.9/site-packages/airflow/example_dags/example_kubernetes_executor.py for tasks to queue
[2022-04-26 16:44:48,487] {logging_mixin.py:109} INFO - [2022-04-26 16:44:48,487] {dagbag.py:500} INFO - Filling up the DagBag from /home/airflow/.local/lib/python3.9/site-packages/airflow/example_dags/example_kubernetes_executor.py
[2022-04-26 16:44:48,494] {processor.py:652} INFO - DAG(s) dict_keys(['example_kubernetes_executor']) retrieved from /home/airflow/.local/lib/python3.9/site-packages/airflow/example_dags/example_kubernetes_executor.py
[2022-04-26 16:44:48,535] {logging_mixin.py:109} INFO - [2022-04-26 16:44:48,535] {dag.py:2398} INFO - Sync 1 DAGs
[2022-04-26 16:44:48,559] {logging_mixin.py:109} INFO - [2022-04-26 16:44:48,559] {dag.py:2937} INFO - Setting next_dagrun for example_kubernetes_executor to None
[2022-04-26 16:44:48,578] {processor.py:171} INFO - Processing /home/airflow/.local/lib/python3.9/site-packages/airflow/example_dags/example_kubernetes_executor.py took 0.144 seconds
