[2022-04-26 16:43:30,642] {processor.py:163} INFO - Started process (PID=95) to work on /home/airflow/.local/lib/python3.9/site-packages/airflow/example_dags/example_nested_branch_dag.py
[2022-04-26 16:43:30,647] {processor.py:642} INFO - Processing file /home/airflow/.local/lib/python3.9/site-packages/airflow/example_dags/example_nested_branch_dag.py for tasks to queue
[2022-04-26 16:43:30,651] {logging_mixin.py:109} INFO - [2022-04-26 16:43:30,650] {dagbag.py:500} INFO - Filling up the DagBag from /home/airflow/.local/lib/python3.9/site-packages/airflow/example_dags/example_nested_branch_dag.py
[2022-04-26 16:43:30,752] {processor.py:652} INFO - DAG(s) dict_keys(['example_nested_branch_dag']) retrieved from /home/airflow/.local/lib/python3.9/site-packages/airflow/example_dags/example_nested_branch_dag.py
[2022-04-26 16:43:35,105] {logging_mixin.py:109} INFO - [2022-04-26 16:43:35,104] {manager.py:496} INFO - Created Permission View: can edit on DAG:example_nested_branch_dag
[2022-04-26 16:43:35,180] {logging_mixin.py:109} INFO - [2022-04-26 16:43:35,179] {manager.py:496} INFO - Created Permission View: can read on DAG:example_nested_branch_dag
[2022-04-26 16:43:35,192] {logging_mixin.py:109} INFO - [2022-04-26 16:43:35,191] {dag.py:2398} INFO - Sync 1 DAGs
[2022-04-26 16:43:35,489] {logging_mixin.py:109} INFO - [2022-04-26 16:43:35,486] {dag.py:2417} INFO - Creating ORM DAG for example_nested_branch_dag
[2022-04-26 16:43:35,553] {logging_mixin.py:109} INFO - [2022-04-26 16:43:35,553] {dag.py:2937} INFO - Setting next_dagrun for example_nested_branch_dag to 2022-04-25 00:00:00+00:00
[2022-04-26 16:43:35,717] {processor.py:171} INFO - Processing /home/airflow/.local/lib/python3.9/site-packages/airflow/example_dags/example_nested_branch_dag.py took 5.086 seconds
[2022-04-26 16:44:09,182] {processor.py:163} INFO - Started process (PID=253) to work on /home/airflow/.local/lib/python3.9/site-packages/airflow/example_dags/example_nested_branch_dag.py
[2022-04-26 16:44:09,185] {processor.py:642} INFO - Processing file /home/airflow/.local/lib/python3.9/site-packages/airflow/example_dags/example_nested_branch_dag.py for tasks to queue
[2022-04-26 16:44:09,187] {logging_mixin.py:109} INFO - [2022-04-26 16:44:09,187] {dagbag.py:500} INFO - Filling up the DagBag from /home/airflow/.local/lib/python3.9/site-packages/airflow/example_dags/example_nested_branch_dag.py
[2022-04-26 16:44:09,214] {processor.py:652} INFO - DAG(s) dict_keys(['example_nested_branch_dag']) retrieved from /home/airflow/.local/lib/python3.9/site-packages/airflow/example_dags/example_nested_branch_dag.py
[2022-04-26 16:44:09,251] {logging_mixin.py:109} INFO - [2022-04-26 16:44:09,251] {dag.py:2398} INFO - Sync 1 DAGs
[2022-04-26 16:44:09,290] {logging_mixin.py:109} INFO - [2022-04-26 16:44:09,289] {dag.py:2937} INFO - Setting next_dagrun for example_nested_branch_dag to 2022-04-25 00:00:00+00:00
[2022-04-26 16:44:09,317] {processor.py:171} INFO - Processing /home/airflow/.local/lib/python3.9/site-packages/airflow/example_dags/example_nested_branch_dag.py took 0.141 seconds
[2022-04-26 16:44:40,074] {processor.py:163} INFO - Started process (PID=310) to work on /home/airflow/.local/lib/python3.9/site-packages/airflow/example_dags/example_nested_branch_dag.py
[2022-04-26 16:44:40,080] {processor.py:642} INFO - Processing file /home/airflow/.local/lib/python3.9/site-packages/airflow/example_dags/example_nested_branch_dag.py for tasks to queue
[2022-04-26 16:44:40,082] {logging_mixin.py:109} INFO - [2022-04-26 16:44:40,081] {dagbag.py:500} INFO - Filling up the DagBag from /home/airflow/.local/lib/python3.9/site-packages/airflow/example_dags/example_nested_branch_dag.py
[2022-04-26 16:44:40,110] {processor.py:652} INFO - DAG(s) dict_keys(['example_nested_branch_dag']) retrieved from /home/airflow/.local/lib/python3.9/site-packages/airflow/example_dags/example_nested_branch_dag.py
[2022-04-26 16:44:40,161] {logging_mixin.py:109} INFO - [2022-04-26 16:44:40,161] {dag.py:2398} INFO - Sync 1 DAGs
[2022-04-26 16:44:40,194] {logging_mixin.py:109} INFO - [2022-04-26 16:44:40,194] {dag.py:2937} INFO - Setting next_dagrun for example_nested_branch_dag to 2022-04-25 00:00:00+00:00
[2022-04-26 16:44:40,211] {processor.py:171} INFO - Processing /home/airflow/.local/lib/python3.9/site-packages/airflow/example_dags/example_nested_branch_dag.py took 0.142 seconds
