[2022-04-26 16:43:50,711] {processor.py:163} INFO - Started process (PID=163) to work on /home/airflow/.local/lib/python3.9/site-packages/airflow/example_dags/example_latest_only.py
[2022-04-26 16:43:50,716] {processor.py:642} INFO - Processing file /home/airflow/.local/lib/python3.9/site-packages/airflow/example_dags/example_latest_only.py for tasks to queue
[2022-04-26 16:43:50,719] {logging_mixin.py:109} INFO - [2022-04-26 16:43:50,719] {dagbag.py:500} INFO - Filling up the DagBag from /home/airflow/.local/lib/python3.9/site-packages/airflow/example_dags/example_latest_only.py
[2022-04-26 16:43:50,745] {processor.py:652} INFO - DAG(s) dict_keys(['latest_only']) retrieved from /home/airflow/.local/lib/python3.9/site-packages/airflow/example_dags/example_latest_only.py
[2022-04-26 16:43:53,160] {logging_mixin.py:109} INFO - [2022-04-26 16:43:53,159] {manager.py:496} INFO - Created Permission View: can edit on DAG:latest_only
[2022-04-26 16:43:53,172] {logging_mixin.py:109} INFO - [2022-04-26 16:43:53,172] {manager.py:496} INFO - Created Permission View: can read on DAG:latest_only
[2022-04-26 16:43:53,174] {logging_mixin.py:109} INFO - [2022-04-26 16:43:53,173] {dag.py:2398} INFO - Sync 1 DAGs
[2022-04-26 16:43:53,184] {logging_mixin.py:109} INFO - [2022-04-26 16:43:53,183] {dag.py:2417} INFO - Creating ORM DAG for latest_only
[2022-04-26 16:43:53,193] {logging_mixin.py:109} INFO - [2022-04-26 16:43:53,193] {dag.py:2937} INFO - Setting next_dagrun for latest_only to 2022-04-26T12:43:53.193264+00:00
[2022-04-26 16:43:53,207] {processor.py:171} INFO - Processing /home/airflow/.local/lib/python3.9/site-packages/airflow/example_dags/example_latest_only.py took 2.500 seconds
[2022-04-26 16:44:23,598] {processor.py:163} INFO - Started process (PID=280) to work on /home/airflow/.local/lib/python3.9/site-packages/airflow/example_dags/example_latest_only.py
[2022-04-26 16:44:23,602] {processor.py:642} INFO - Processing file /home/airflow/.local/lib/python3.9/site-packages/airflow/example_dags/example_latest_only.py for tasks to queue
[2022-04-26 16:44:23,605] {logging_mixin.py:109} INFO - [2022-04-26 16:44:23,604] {dagbag.py:500} INFO - Filling up the DagBag from /home/airflow/.local/lib/python3.9/site-packages/airflow/example_dags/example_latest_only.py
[2022-04-26 16:44:23,630] {processor.py:652} INFO - DAG(s) dict_keys(['latest_only']) retrieved from /home/airflow/.local/lib/python3.9/site-packages/airflow/example_dags/example_latest_only.py
[2022-04-26 16:44:23,663] {logging_mixin.py:109} INFO - [2022-04-26 16:44:23,663] {dag.py:2398} INFO - Sync 1 DAGs
[2022-04-26 16:44:23,697] {logging_mixin.py:109} INFO - [2022-04-26 16:44:23,697] {dag.py:2937} INFO - Setting next_dagrun for latest_only to 2022-04-26T12:44:23.696796+00:00
[2022-04-26 16:44:23,718] {processor.py:171} INFO - Processing /home/airflow/.local/lib/python3.9/site-packages/airflow/example_dags/example_latest_only.py took 0.125 seconds
[2022-04-26 16:44:53,833] {processor.py:163} INFO - Started process (PID=327) to work on /home/airflow/.local/lib/python3.9/site-packages/airflow/example_dags/example_latest_only.py
[2022-04-26 16:44:53,836] {processor.py:642} INFO - Processing file /home/airflow/.local/lib/python3.9/site-packages/airflow/example_dags/example_latest_only.py for tasks to queue
[2022-04-26 16:44:53,838] {logging_mixin.py:109} INFO - [2022-04-26 16:44:53,838] {dagbag.py:500} INFO - Filling up the DagBag from /home/airflow/.local/lib/python3.9/site-packages/airflow/example_dags/example_latest_only.py
[2022-04-26 16:44:53,860] {processor.py:652} INFO - DAG(s) dict_keys(['latest_only']) retrieved from /home/airflow/.local/lib/python3.9/site-packages/airflow/example_dags/example_latest_only.py
[2022-04-26 16:44:53,891] {logging_mixin.py:109} INFO - [2022-04-26 16:44:53,891] {dag.py:2398} INFO - Sync 1 DAGs
[2022-04-26 16:44:53,913] {logging_mixin.py:109} INFO - [2022-04-26 16:44:53,913] {dag.py:2937} INFO - Setting next_dagrun for latest_only to 2022-04-26T12:44:53.913104+00:00
[2022-04-26 16:44:53,933] {processor.py:171} INFO - Processing /home/airflow/.local/lib/python3.9/site-packages/airflow/example_dags/example_latest_only.py took 0.105 seconds
