[2022-04-26 16:43:17,384] {processor.py:163} INFO - Started process (PID=62) to work on /home/airflow/.local/lib/python3.9/site-packages/airflow/example_dags/example_latest_only_with_trigger.py
[2022-04-26 16:43:17,387] {processor.py:642} INFO - Processing file /home/airflow/.local/lib/python3.9/site-packages/airflow/example_dags/example_latest_only_with_trigger.py for tasks to queue
[2022-04-26 16:43:17,390] {logging_mixin.py:109} INFO - [2022-04-26 16:43:17,390] {dagbag.py:500} INFO - Filling up the DagBag from /home/airflow/.local/lib/python3.9/site-packages/airflow/example_dags/example_latest_only_with_trigger.py
[2022-04-26 16:43:17,459] {processor.py:652} INFO - DAG(s) dict_keys(['latest_only_with_trigger']) retrieved from /home/airflow/.local/lib/python3.9/site-packages/airflow/example_dags/example_latest_only_with_trigger.py
[2022-04-26 16:43:21,675] {logging_mixin.py:109} INFO - [2022-04-26 16:43:21,674] {manager.py:496} INFO - Created Permission View: can edit on DAG:latest_only_with_trigger
[2022-04-26 16:43:21,733] {logging_mixin.py:109} INFO - [2022-04-26 16:43:21,733] {manager.py:496} INFO - Created Permission View: can read on DAG:latest_only_with_trigger
[2022-04-26 16:43:21,736] {logging_mixin.py:109} INFO - [2022-04-26 16:43:21,736] {dag.py:2398} INFO - Sync 1 DAGs
[2022-04-26 16:43:21,771] {logging_mixin.py:109} INFO - [2022-04-26 16:43:21,771] {dag.py:2417} INFO - Creating ORM DAG for latest_only_with_trigger
[2022-04-26 16:43:21,805] {logging_mixin.py:109} INFO - [2022-04-26 16:43:21,805] {dag.py:2937} INFO - Setting next_dagrun for latest_only_with_trigger to 2022-04-26T12:43:21.803767+00:00
[2022-04-26 16:43:21,865] {processor.py:171} INFO - Processing /home/airflow/.local/lib/python3.9/site-packages/airflow/example_dags/example_latest_only_with_trigger.py took 4.534 seconds
[2022-04-26 16:44:08,740] {processor.py:163} INFO - Started process (PID=249) to work on /home/airflow/.local/lib/python3.9/site-packages/airflow/example_dags/example_latest_only_with_trigger.py
[2022-04-26 16:44:08,745] {processor.py:642} INFO - Processing file /home/airflow/.local/lib/python3.9/site-packages/airflow/example_dags/example_latest_only_with_trigger.py for tasks to queue
[2022-04-26 16:44:08,747] {logging_mixin.py:109} INFO - [2022-04-26 16:44:08,747] {dagbag.py:500} INFO - Filling up the DagBag from /home/airflow/.local/lib/python3.9/site-packages/airflow/example_dags/example_latest_only_with_trigger.py
[2022-04-26 16:44:08,768] {processor.py:652} INFO - DAG(s) dict_keys(['latest_only_with_trigger']) retrieved from /home/airflow/.local/lib/python3.9/site-packages/airflow/example_dags/example_latest_only_with_trigger.py
[2022-04-26 16:44:08,802] {logging_mixin.py:109} INFO - [2022-04-26 16:44:08,802] {dag.py:2398} INFO - Sync 1 DAGs
[2022-04-26 16:44:08,826] {logging_mixin.py:109} INFO - [2022-04-26 16:44:08,826] {dag.py:2937} INFO - Setting next_dagrun for latest_only_with_trigger to 2022-04-26T12:44:08.825632+00:00
[2022-04-26 16:44:08,841] {processor.py:171} INFO - Processing /home/airflow/.local/lib/python3.9/site-packages/airflow/example_dags/example_latest_only_with_trigger.py took 0.105 seconds
[2022-04-26 16:44:39,718] {processor.py:163} INFO - Started process (PID=305) to work on /home/airflow/.local/lib/python3.9/site-packages/airflow/example_dags/example_latest_only_with_trigger.py
[2022-04-26 16:44:39,720] {processor.py:642} INFO - Processing file /home/airflow/.local/lib/python3.9/site-packages/airflow/example_dags/example_latest_only_with_trigger.py for tasks to queue
[2022-04-26 16:44:39,722] {logging_mixin.py:109} INFO - [2022-04-26 16:44:39,722] {dagbag.py:500} INFO - Filling up the DagBag from /home/airflow/.local/lib/python3.9/site-packages/airflow/example_dags/example_latest_only_with_trigger.py
[2022-04-26 16:44:39,743] {processor.py:652} INFO - DAG(s) dict_keys(['latest_only_with_trigger']) retrieved from /home/airflow/.local/lib/python3.9/site-packages/airflow/example_dags/example_latest_only_with_trigger.py
[2022-04-26 16:44:39,775] {logging_mixin.py:109} INFO - [2022-04-26 16:44:39,775] {dag.py:2398} INFO - Sync 1 DAGs
[2022-04-26 16:44:39,799] {logging_mixin.py:109} INFO - [2022-04-26 16:44:39,798] {dag.py:2937} INFO - Setting next_dagrun for latest_only_with_trigger to 2022-04-26T12:44:39.798572+00:00
[2022-04-26 16:44:39,813] {processor.py:171} INFO - Processing /home/airflow/.local/lib/python3.9/site-packages/airflow/example_dags/example_latest_only_with_trigger.py took 0.099 seconds
