[2022-04-26 16:43:50,726] {processor.py:163} INFO - Started process (PID=164) to work on /home/airflow/.local/lib/python3.9/site-packages/airflow/example_dags/example_skip_dag.py
[2022-04-26 16:43:50,729] {processor.py:642} INFO - Processing file /home/airflow/.local/lib/python3.9/site-packages/airflow/example_dags/example_skip_dag.py for tasks to queue
[2022-04-26 16:43:50,731] {logging_mixin.py:109} INFO - [2022-04-26 16:43:50,731] {dagbag.py:500} INFO - Filling up the DagBag from /home/airflow/.local/lib/python3.9/site-packages/airflow/example_dags/example_skip_dag.py
[2022-04-26 16:43:50,756] {processor.py:652} INFO - DAG(s) dict_keys(['example_skip_dag']) retrieved from /home/airflow/.local/lib/python3.9/site-packages/airflow/example_dags/example_skip_dag.py
[2022-04-26 16:43:53,159] {logging_mixin.py:109} INFO - [2022-04-26 16:43:53,159] {manager.py:496} INFO - Created Permission View: can edit on DAG:example_skip_dag
[2022-04-26 16:43:53,174] {logging_mixin.py:109} INFO - [2022-04-26 16:43:53,173] {manager.py:496} INFO - Created Permission View: can read on DAG:example_skip_dag
[2022-04-26 16:43:53,175] {logging_mixin.py:109} INFO - [2022-04-26 16:43:53,175] {dag.py:2398} INFO - Sync 1 DAGs
[2022-04-26 16:43:53,184] {logging_mixin.py:109} INFO - [2022-04-26 16:43:53,183] {dag.py:2417} INFO - Creating ORM DAG for example_skip_dag
[2022-04-26 16:43:53,193] {logging_mixin.py:109} INFO - [2022-04-26 16:43:53,193] {dag.py:2937} INFO - Setting next_dagrun for example_skip_dag to 2022-04-25T16:43:53.193425+00:00
[2022-04-26 16:43:53,209] {processor.py:171} INFO - Processing /home/airflow/.local/lib/python3.9/site-packages/airflow/example_dags/example_skip_dag.py took 2.487 seconds
[2022-04-26 16:44:23,621] {processor.py:163} INFO - Started process (PID=281) to work on /home/airflow/.local/lib/python3.9/site-packages/airflow/example_dags/example_skip_dag.py
[2022-04-26 16:44:23,625] {processor.py:642} INFO - Processing file /home/airflow/.local/lib/python3.9/site-packages/airflow/example_dags/example_skip_dag.py for tasks to queue
[2022-04-26 16:44:23,628] {logging_mixin.py:109} INFO - [2022-04-26 16:44:23,628] {dagbag.py:500} INFO - Filling up the DagBag from /home/airflow/.local/lib/python3.9/site-packages/airflow/example_dags/example_skip_dag.py
[2022-04-26 16:44:23,659] {processor.py:652} INFO - DAG(s) dict_keys(['example_skip_dag']) retrieved from /home/airflow/.local/lib/python3.9/site-packages/airflow/example_dags/example_skip_dag.py
[2022-04-26 16:44:23,704] {logging_mixin.py:109} INFO - [2022-04-26 16:44:23,703] {dag.py:2398} INFO - Sync 1 DAGs
[2022-04-26 16:44:23,736] {logging_mixin.py:109} INFO - [2022-04-26 16:44:23,736] {dag.py:2937} INFO - Setting next_dagrun for example_skip_dag to 2022-04-25T16:44:23.735862+00:00
[2022-04-26 16:44:23,749] {processor.py:171} INFO - Processing /home/airflow/.local/lib/python3.9/site-packages/airflow/example_dags/example_skip_dag.py took 0.138 seconds
[2022-04-26 16:44:53,837] {processor.py:163} INFO - Started process (PID=328) to work on /home/airflow/.local/lib/python3.9/site-packages/airflow/example_dags/example_skip_dag.py
[2022-04-26 16:44:53,839] {processor.py:642} INFO - Processing file /home/airflow/.local/lib/python3.9/site-packages/airflow/example_dags/example_skip_dag.py for tasks to queue
[2022-04-26 16:44:53,841] {logging_mixin.py:109} INFO - [2022-04-26 16:44:53,841] {dagbag.py:500} INFO - Filling up the DagBag from /home/airflow/.local/lib/python3.9/site-packages/airflow/example_dags/example_skip_dag.py
[2022-04-26 16:44:53,864] {processor.py:652} INFO - DAG(s) dict_keys(['example_skip_dag']) retrieved from /home/airflow/.local/lib/python3.9/site-packages/airflow/example_dags/example_skip_dag.py
[2022-04-26 16:44:53,891] {logging_mixin.py:109} INFO - [2022-04-26 16:44:53,891] {dag.py:2398} INFO - Sync 1 DAGs
[2022-04-26 16:44:53,913] {logging_mixin.py:109} INFO - [2022-04-26 16:44:53,913] {dag.py:2937} INFO - Setting next_dagrun for example_skip_dag to 2022-04-25T16:44:53.913185+00:00
[2022-04-26 16:44:53,932] {processor.py:171} INFO - Processing /home/airflow/.local/lib/python3.9/site-packages/airflow/example_dags/example_skip_dag.py took 0.100 seconds
