[2022-04-26 16:43:10,840] {processor.py:163} INFO - Started process (PID=51) to work on /home/airflow/.local/lib/python3.9/site-packages/airflow/example_dags/example_short_circuit_operator.py
[2022-04-26 16:43:10,845] {processor.py:642} INFO - Processing file /home/airflow/.local/lib/python3.9/site-packages/airflow/example_dags/example_short_circuit_operator.py for tasks to queue
[2022-04-26 16:43:10,854] {logging_mixin.py:109} INFO - [2022-04-26 16:43:10,854] {dagbag.py:500} INFO - Filling up the DagBag from /home/airflow/.local/lib/python3.9/site-packages/airflow/example_dags/example_short_circuit_operator.py
[2022-04-26 16:43:10,961] {processor.py:652} INFO - DAG(s) dict_keys(['example_short_circuit_operator']) retrieved from /home/airflow/.local/lib/python3.9/site-packages/airflow/example_dags/example_short_circuit_operator.py
[2022-04-26 16:43:17,096] {logging_mixin.py:109} INFO - [2022-04-26 16:43:17,096] {manager.py:496} INFO - Created Permission View: can edit on DAG:example_short_circuit_operator
[2022-04-26 16:43:17,117] {logging_mixin.py:109} INFO - [2022-04-26 16:43:17,116] {manager.py:496} INFO - Created Permission View: can read on DAG:example_short_circuit_operator
[2022-04-26 16:43:17,123] {logging_mixin.py:109} INFO - [2022-04-26 16:43:17,123] {dag.py:2398} INFO - Sync 1 DAGs
[2022-04-26 16:43:17,147] {logging_mixin.py:109} INFO - [2022-04-26 16:43:17,146] {dag.py:2417} INFO - Creating ORM DAG for example_short_circuit_operator
[2022-04-26 16:43:17,183] {logging_mixin.py:109} INFO - [2022-04-26 16:43:17,183] {dag.py:2937} INFO - Setting next_dagrun for example_short_circuit_operator to 2022-04-25T16:43:17.183080+00:00
[2022-04-26 16:43:17,241] {processor.py:171} INFO - Processing /home/airflow/.local/lib/python3.9/site-packages/airflow/example_dags/example_short_circuit_operator.py took 6.406 seconds
[2022-04-26 16:44:08,587] {processor.py:163} INFO - Started process (PID=248) to work on /home/airflow/.local/lib/python3.9/site-packages/airflow/example_dags/example_short_circuit_operator.py
[2022-04-26 16:44:08,591] {processor.py:642} INFO - Processing file /home/airflow/.local/lib/python3.9/site-packages/airflow/example_dags/example_short_circuit_operator.py for tasks to queue
[2022-04-26 16:44:08,593] {logging_mixin.py:109} INFO - [2022-04-26 16:44:08,593] {dagbag.py:500} INFO - Filling up the DagBag from /home/airflow/.local/lib/python3.9/site-packages/airflow/example_dags/example_short_circuit_operator.py
[2022-04-26 16:44:08,623] {processor.py:652} INFO - DAG(s) dict_keys(['example_short_circuit_operator']) retrieved from /home/airflow/.local/lib/python3.9/site-packages/airflow/example_dags/example_short_circuit_operator.py
[2022-04-26 16:44:08,667] {logging_mixin.py:109} INFO - [2022-04-26 16:44:08,666] {dag.py:2398} INFO - Sync 1 DAGs
[2022-04-26 16:44:08,699] {logging_mixin.py:109} INFO - [2022-04-26 16:44:08,698] {dag.py:2937} INFO - Setting next_dagrun for example_short_circuit_operator to 2022-04-25T16:44:08.698329+00:00
[2022-04-26 16:44:08,713] {processor.py:171} INFO - Processing /home/airflow/.local/lib/python3.9/site-packages/airflow/example_dags/example_short_circuit_operator.py took 0.132 seconds
[2022-04-26 16:44:39,612] {processor.py:163} INFO - Started process (PID=304) to work on /home/airflow/.local/lib/python3.9/site-packages/airflow/example_dags/example_short_circuit_operator.py
[2022-04-26 16:44:39,618] {processor.py:642} INFO - Processing file /home/airflow/.local/lib/python3.9/site-packages/airflow/example_dags/example_short_circuit_operator.py for tasks to queue
[2022-04-26 16:44:39,620] {logging_mixin.py:109} INFO - [2022-04-26 16:44:39,620] {dagbag.py:500} INFO - Filling up the DagBag from /home/airflow/.local/lib/python3.9/site-packages/airflow/example_dags/example_short_circuit_operator.py
[2022-04-26 16:44:39,644] {processor.py:652} INFO - DAG(s) dict_keys(['example_short_circuit_operator']) retrieved from /home/airflow/.local/lib/python3.9/site-packages/airflow/example_dags/example_short_circuit_operator.py
[2022-04-26 16:44:39,689] {logging_mixin.py:109} INFO - [2022-04-26 16:44:39,689] {dag.py:2398} INFO - Sync 1 DAGs
[2022-04-26 16:44:39,723] {logging_mixin.py:109} INFO - [2022-04-26 16:44:39,723] {dag.py:2937} INFO - Setting next_dagrun for example_short_circuit_operator to 2022-04-25T16:44:39.722839+00:00
[2022-04-26 16:44:39,738] {processor.py:171} INFO - Processing /home/airflow/.local/lib/python3.9/site-packages/airflow/example_dags/example_short_circuit_operator.py took 0.130 seconds
