[2022-04-26 16:43:35,799] {processor.py:163} INFO - Started process (PID=107) to work on /home/airflow/.local/lib/python3.9/site-packages/airflow/example_dags/example_xcomargs.py
[2022-04-26 16:43:35,805] {processor.py:642} INFO - Processing file /home/airflow/.local/lib/python3.9/site-packages/airflow/example_dags/example_xcomargs.py for tasks to queue
[2022-04-26 16:43:35,810] {logging_mixin.py:109} INFO - [2022-04-26 16:43:35,810] {dagbag.py:500} INFO - Filling up the DagBag from /home/airflow/.local/lib/python3.9/site-packages/airflow/example_dags/example_xcomargs.py
[2022-04-26 16:43:36,070] {processor.py:652} INFO - DAG(s) dict_keys(['example_xcom_args', 'example_xcom_args_with_operators']) retrieved from /home/airflow/.local/lib/python3.9/site-packages/airflow/example_dags/example_xcomargs.py
[2022-04-26 16:43:39,525] {logging_mixin.py:109} INFO - [2022-04-26 16:43:39,525] {manager.py:496} INFO - Created Permission View: can edit on DAG:example_xcom_args
[2022-04-26 16:43:39,539] {logging_mixin.py:109} INFO - [2022-04-26 16:43:39,538] {manager.py:496} INFO - Created Permission View: can read on DAG:example_xcom_args
[2022-04-26 16:43:39,563] {logging_mixin.py:109} INFO - [2022-04-26 16:43:39,563] {manager.py:496} INFO - Created Permission View: can edit on DAG:example_xcom_args_with_operators
[2022-04-26 16:43:39,574] {logging_mixin.py:109} INFO - [2022-04-26 16:43:39,574] {manager.py:496} INFO - Created Permission View: can read on DAG:example_xcom_args_with_operators
[2022-04-26 16:43:39,576] {logging_mixin.py:109} INFO - [2022-04-26 16:43:39,576] {dag.py:2398} INFO - Sync 2 DAGs
[2022-04-26 16:43:39,592] {logging_mixin.py:109} INFO - [2022-04-26 16:43:39,592] {dag.py:2417} INFO - Creating ORM DAG for example_xcom_args
[2022-04-26 16:43:39,594] {logging_mixin.py:109} INFO - [2022-04-26 16:43:39,594] {dag.py:2417} INFO - Creating ORM DAG for example_xcom_args_with_operators
[2022-04-26 16:43:39,608] {logging_mixin.py:109} INFO - [2022-04-26 16:43:39,608] {dag.py:2937} INFO - Setting next_dagrun for example_xcom_args to None
[2022-04-26 16:43:39,610] {logging_mixin.py:109} INFO - [2022-04-26 16:43:39,610] {dag.py:2937} INFO - Setting next_dagrun for example_xcom_args_with_operators to None
[2022-04-26 16:43:39,627] {processor.py:171} INFO - Processing /home/airflow/.local/lib/python3.9/site-packages/airflow/example_dags/example_xcomargs.py took 3.837 seconds
[2022-04-26 16:44:10,357] {processor.py:163} INFO - Started process (PID=263) to work on /home/airflow/.local/lib/python3.9/site-packages/airflow/example_dags/example_xcomargs.py
[2022-04-26 16:44:10,365] {processor.py:642} INFO - Processing file /home/airflow/.local/lib/python3.9/site-packages/airflow/example_dags/example_xcomargs.py for tasks to queue
[2022-04-26 16:44:10,367] {logging_mixin.py:109} INFO - [2022-04-26 16:44:10,367] {dagbag.py:500} INFO - Filling up the DagBag from /home/airflow/.local/lib/python3.9/site-packages/airflow/example_dags/example_xcomargs.py
[2022-04-26 16:44:10,398] {processor.py:652} INFO - DAG(s) dict_keys(['example_xcom_args', 'example_xcom_args_with_operators']) retrieved from /home/airflow/.local/lib/python3.9/site-packages/airflow/example_dags/example_xcomargs.py
[2022-04-26 16:44:10,666] {logging_mixin.py:109} INFO - [2022-04-26 16:44:10,666] {dag.py:2398} INFO - Sync 2 DAGs
[2022-04-26 16:44:10,685] {logging_mixin.py:109} INFO - [2022-04-26 16:44:10,685] {dag.py:2937} INFO - Setting next_dagrun for example_xcom_args to None
[2022-04-26 16:44:10,687] {logging_mixin.py:109} INFO - [2022-04-26 16:44:10,687] {dag.py:2937} INFO - Setting next_dagrun for example_xcom_args_with_operators to None
[2022-04-26 16:44:10,705] {processor.py:171} INFO - Processing /home/airflow/.local/lib/python3.9/site-packages/airflow/example_dags/example_xcomargs.py took 0.354 seconds
[2022-04-26 16:44:40,802] {processor.py:163} INFO - Started process (PID=313) to work on /home/airflow/.local/lib/python3.9/site-packages/airflow/example_dags/example_xcomargs.py
[2022-04-26 16:44:40,806] {processor.py:642} INFO - Processing file /home/airflow/.local/lib/python3.9/site-packages/airflow/example_dags/example_xcomargs.py for tasks to queue
[2022-04-26 16:44:40,809] {logging_mixin.py:109} INFO - [2022-04-26 16:44:40,809] {dagbag.py:500} INFO - Filling up the DagBag from /home/airflow/.local/lib/python3.9/site-packages/airflow/example_dags/example_xcomargs.py
[2022-04-26 16:44:40,840] {processor.py:652} INFO - DAG(s) dict_keys(['example_xcom_args', 'example_xcom_args_with_operators']) retrieved from /home/airflow/.local/lib/python3.9/site-packages/airflow/example_dags/example_xcomargs.py
[2022-04-26 16:44:41,193] {logging_mixin.py:109} INFO - [2022-04-26 16:44:41,192] {dag.py:2398} INFO - Sync 2 DAGs
[2022-04-26 16:44:41,216] {logging_mixin.py:109} INFO - [2022-04-26 16:44:41,215] {dag.py:2937} INFO - Setting next_dagrun for example_xcom_args to None
[2022-04-26 16:44:41,219] {logging_mixin.py:109} INFO - [2022-04-26 16:44:41,219] {dag.py:2937} INFO - Setting next_dagrun for example_xcom_args_with_operators to None
[2022-04-26 16:44:41,245] {processor.py:171} INFO - Processing /home/airflow/.local/lib/python3.9/site-packages/airflow/example_dags/example_xcomargs.py took 0.447 seconds
