[2022-04-26 16:43:36,014] {processor.py:163} INFO - Started process (PID=108) to work on /home/airflow/.local/lib/python3.9/site-packages/airflow/example_dags/example_subdag_operator.py
[2022-04-26 16:43:36,023] {processor.py:642} INFO - Processing file /home/airflow/.local/lib/python3.9/site-packages/airflow/example_dags/example_subdag_operator.py for tasks to queue
[2022-04-26 16:43:36,027] {logging_mixin.py:109} INFO - [2022-04-26 16:43:36,027] {dagbag.py:500} INFO - Filling up the DagBag from /home/airflow/.local/lib/python3.9/site-packages/airflow/example_dags/example_subdag_operator.py
[2022-04-26 16:43:36,202] {processor.py:652} INFO - DAG(s) dict_keys(['example_subdag_operator.section-1', 'example_subdag_operator.section-2', 'example_subdag_operator']) retrieved from /home/airflow/.local/lib/python3.9/site-packages/airflow/example_dags/example_subdag_operator.py
[2022-04-26 16:43:39,535] {logging_mixin.py:109} INFO - [2022-04-26 16:43:39,535] {manager.py:496} INFO - Created Permission View: can edit on DAG:example_subdag_operator
[2022-04-26 16:43:39,546] {logging_mixin.py:109} INFO - [2022-04-26 16:43:39,545] {manager.py:496} INFO - Created Permission View: can read on DAG:example_subdag_operator
[2022-04-26 16:43:39,547] {logging_mixin.py:109} INFO - [2022-04-26 16:43:39,547] {dag.py:2398} INFO - Sync 3 DAGs
[2022-04-26 16:43:39,558] {logging_mixin.py:109} INFO - [2022-04-26 16:43:39,557] {dag.py:2417} INFO - Creating ORM DAG for example_subdag_operator.section-1
[2022-04-26 16:43:39,559] {logging_mixin.py:109} INFO - [2022-04-26 16:43:39,559] {dag.py:2417} INFO - Creating ORM DAG for example_subdag_operator.section-2
[2022-04-26 16:43:39,561] {logging_mixin.py:109} INFO - [2022-04-26 16:43:39,561] {dag.py:2417} INFO - Creating ORM DAG for example_subdag_operator
[2022-04-26 16:43:39,571] {logging_mixin.py:109} INFO - [2022-04-26 16:43:39,570] {dag.py:2937} INFO - Setting next_dagrun for example_subdag_operator to 2022-04-24T00:00:00+00:00
[2022-04-26 16:43:39,573] {logging_mixin.py:109} INFO - [2022-04-26 16:43:39,572] {dag.py:2937} INFO - Setting next_dagrun for example_subdag_operator.section-1 to None
[2022-04-26 16:43:39,574] {logging_mixin.py:109} INFO - [2022-04-26 16:43:39,574] {dag.py:2937} INFO - Setting next_dagrun for example_subdag_operator.section-2 to None
[2022-04-26 16:43:39,586] {logging_mixin.py:109} INFO - [2022-04-26 16:43:39,586] {dag.py:2398} INFO - Sync 2 DAGs
[2022-04-26 16:43:39,601] {logging_mixin.py:109} INFO - [2022-04-26 16:43:39,601] {dag.py:2937} INFO - Setting next_dagrun for example_subdag_operator.section-1 to None
[2022-04-26 16:43:39,603] {logging_mixin.py:109} INFO - [2022-04-26 16:43:39,602] {dag.py:2937} INFO - Setting next_dagrun for example_subdag_operator.section-2 to None
[2022-04-26 16:43:39,615] {processor.py:171} INFO - Processing /home/airflow/.local/lib/python3.9/site-packages/airflow/example_dags/example_subdag_operator.py took 3.615 seconds
[2022-04-26 16:44:10,362] {processor.py:163} INFO - Started process (PID=264) to work on /home/airflow/.local/lib/python3.9/site-packages/airflow/example_dags/example_subdag_operator.py
[2022-04-26 16:44:10,365] {processor.py:642} INFO - Processing file /home/airflow/.local/lib/python3.9/site-packages/airflow/example_dags/example_subdag_operator.py for tasks to queue
[2022-04-26 16:44:10,367] {logging_mixin.py:109} INFO - [2022-04-26 16:44:10,367] {dagbag.py:500} INFO - Filling up the DagBag from /home/airflow/.local/lib/python3.9/site-packages/airflow/example_dags/example_subdag_operator.py
[2022-04-26 16:44:10,419] {processor.py:652} INFO - DAG(s) dict_keys(['example_subdag_operator.section-1', 'example_subdag_operator.section-2', 'example_subdag_operator']) retrieved from /home/airflow/.local/lib/python3.9/site-packages/airflow/example_dags/example_subdag_operator.py
[2022-04-26 16:44:10,438] {logging_mixin.py:109} INFO - [2022-04-26 16:44:10,438] {dag.py:2398} INFO - Sync 3 DAGs
[2022-04-26 16:44:10,463] {logging_mixin.py:109} INFO - [2022-04-26 16:44:10,463] {dag.py:2937} INFO - Setting next_dagrun for example_subdag_operator to 2022-04-24T00:00:00+00:00
[2022-04-26 16:44:10,466] {logging_mixin.py:109} INFO - [2022-04-26 16:44:10,466] {dag.py:2937} INFO - Setting next_dagrun for example_subdag_operator.section-1 to None
[2022-04-26 16:44:10,467] {logging_mixin.py:109} INFO - [2022-04-26 16:44:10,467] {dag.py:2937} INFO - Setting next_dagrun for example_subdag_operator.section-2 to None
[2022-04-26 16:44:10,478] {logging_mixin.py:109} INFO - [2022-04-26 16:44:10,478] {dag.py:2398} INFO - Sync 2 DAGs
[2022-04-26 16:44:10,491] {logging_mixin.py:109} INFO - [2022-04-26 16:44:10,490] {dag.py:2937} INFO - Setting next_dagrun for example_subdag_operator.section-1 to None
[2022-04-26 16:44:10,492] {logging_mixin.py:109} INFO - [2022-04-26 16:44:10,492] {dag.py:2937} INFO - Setting next_dagrun for example_subdag_operator.section-2 to None
[2022-04-26 16:44:10,509] {processor.py:171} INFO - Processing /home/airflow/.local/lib/python3.9/site-packages/airflow/example_dags/example_subdag_operator.py took 0.151 seconds
[2022-04-26 16:44:40,600] {processor.py:163} INFO - Started process (PID=312) to work on /home/airflow/.local/lib/python3.9/site-packages/airflow/example_dags/example_subdag_operator.py
[2022-04-26 16:44:40,606] {processor.py:642} INFO - Processing file /home/airflow/.local/lib/python3.9/site-packages/airflow/example_dags/example_subdag_operator.py for tasks to queue
[2022-04-26 16:44:40,608] {logging_mixin.py:109} INFO - [2022-04-26 16:44:40,608] {dagbag.py:500} INFO - Filling up the DagBag from /home/airflow/.local/lib/python3.9/site-packages/airflow/example_dags/example_subdag_operator.py
[2022-04-26 16:44:40,660] {processor.py:652} INFO - DAG(s) dict_keys(['example_subdag_operator.section-1', 'example_subdag_operator.section-2', 'example_subdag_operator']) retrieved from /home/airflow/.local/lib/python3.9/site-packages/airflow/example_dags/example_subdag_operator.py
[2022-04-26 16:44:40,682] {logging_mixin.py:109} INFO - [2022-04-26 16:44:40,682] {dag.py:2398} INFO - Sync 3 DAGs
[2022-04-26 16:44:40,711] {logging_mixin.py:109} INFO - [2022-04-26 16:44:40,711] {dag.py:2937} INFO - Setting next_dagrun for example_subdag_operator to 2022-04-24T00:00:00+00:00
[2022-04-26 16:44:40,713] {logging_mixin.py:109} INFO - [2022-04-26 16:44:40,713] {dag.py:2937} INFO - Setting next_dagrun for example_subdag_operator.section-1 to None
[2022-04-26 16:44:40,714] {logging_mixin.py:109} INFO - [2022-04-26 16:44:40,714] {dag.py:2937} INFO - Setting next_dagrun for example_subdag_operator.section-2 to None
[2022-04-26 16:44:40,725] {logging_mixin.py:109} INFO - [2022-04-26 16:44:40,724] {dag.py:2398} INFO - Sync 2 DAGs
[2022-04-26 16:44:40,741] {logging_mixin.py:109} INFO - [2022-04-26 16:44:40,741] {dag.py:2937} INFO - Setting next_dagrun for example_subdag_operator.section-1 to None
[2022-04-26 16:44:40,743] {logging_mixin.py:109} INFO - [2022-04-26 16:44:40,743] {dag.py:2937} INFO - Setting next_dagrun for example_subdag_operator.section-2 to None
[2022-04-26 16:44:40,764] {processor.py:171} INFO - Processing /home/airflow/.local/lib/python3.9/site-packages/airflow/example_dags/example_subdag_operator.py took 0.168 seconds
