[2022-04-26 16:43:17,537] {processor.py:163} INFO - Started process (PID=63) to work on /home/airflow/.local/lib/python3.9/site-packages/airflow/example_dags/tutorial_etl_dag.py
[2022-04-26 16:43:17,543] {processor.py:642} INFO - Processing file /home/airflow/.local/lib/python3.9/site-packages/airflow/example_dags/tutorial_etl_dag.py for tasks to queue
[2022-04-26 16:43:17,545] {logging_mixin.py:109} INFO - [2022-04-26 16:43:17,545] {dagbag.py:500} INFO - Filling up the DagBag from /home/airflow/.local/lib/python3.9/site-packages/airflow/example_dags/tutorial_etl_dag.py
[2022-04-26 16:43:17,605] {processor.py:652} INFO - DAG(s) dict_keys(['tutorial_etl_dag']) retrieved from /home/airflow/.local/lib/python3.9/site-packages/airflow/example_dags/tutorial_etl_dag.py
[2022-04-26 16:43:21,956] {logging_mixin.py:109} INFO - [2022-04-26 16:43:21,955] {manager.py:496} INFO - Created Permission View: can edit on DAG:tutorial_etl_dag
[2022-04-26 16:43:21,976] {logging_mixin.py:109} INFO - [2022-04-26 16:43:21,976] {manager.py:496} INFO - Created Permission View: can read on DAG:tutorial_etl_dag
[2022-04-26 16:43:21,979] {logging_mixin.py:109} INFO - [2022-04-26 16:43:21,978] {dag.py:2398} INFO - Sync 1 DAGs
[2022-04-26 16:43:21,999] {logging_mixin.py:109} INFO - [2022-04-26 16:43:21,998] {dag.py:2417} INFO - Creating ORM DAG for tutorial_etl_dag
[2022-04-26 16:43:22,027] {logging_mixin.py:109} INFO - [2022-04-26 16:43:22,026] {dag.py:2937} INFO - Setting next_dagrun for tutorial_etl_dag to None
[2022-04-26 16:43:22,062] {processor.py:171} INFO - Processing /home/airflow/.local/lib/python3.9/site-packages/airflow/example_dags/tutorial_etl_dag.py took 4.569 seconds
[2022-04-26 16:44:08,872] {processor.py:163} INFO - Started process (PID=250) to work on /home/airflow/.local/lib/python3.9/site-packages/airflow/example_dags/tutorial_etl_dag.py
[2022-04-26 16:44:08,876] {processor.py:642} INFO - Processing file /home/airflow/.local/lib/python3.9/site-packages/airflow/example_dags/tutorial_etl_dag.py for tasks to queue
[2022-04-26 16:44:08,879] {logging_mixin.py:109} INFO - [2022-04-26 16:44:08,879] {dagbag.py:500} INFO - Filling up the DagBag from /home/airflow/.local/lib/python3.9/site-packages/airflow/example_dags/tutorial_etl_dag.py
[2022-04-26 16:44:08,903] {processor.py:652} INFO - DAG(s) dict_keys(['tutorial_etl_dag']) retrieved from /home/airflow/.local/lib/python3.9/site-packages/airflow/example_dags/tutorial_etl_dag.py
[2022-04-26 16:44:08,936] {logging_mixin.py:109} INFO - [2022-04-26 16:44:08,936] {dag.py:2398} INFO - Sync 1 DAGs
[2022-04-26 16:44:08,964] {logging_mixin.py:109} INFO - [2022-04-26 16:44:08,964] {dag.py:2937} INFO - Setting next_dagrun for tutorial_etl_dag to None
[2022-04-26 16:44:08,988] {processor.py:171} INFO - Processing /home/airflow/.local/lib/python3.9/site-packages/airflow/example_dags/tutorial_etl_dag.py took 0.120 seconds
[2022-04-26 16:44:39,770] {processor.py:163} INFO - Started process (PID=306) to work on /home/airflow/.local/lib/python3.9/site-packages/airflow/example_dags/tutorial_etl_dag.py
[2022-04-26 16:44:39,773] {processor.py:642} INFO - Processing file /home/airflow/.local/lib/python3.9/site-packages/airflow/example_dags/tutorial_etl_dag.py for tasks to queue
[2022-04-26 16:44:39,774] {logging_mixin.py:109} INFO - [2022-04-26 16:44:39,774] {dagbag.py:500} INFO - Filling up the DagBag from /home/airflow/.local/lib/python3.9/site-packages/airflow/example_dags/tutorial_etl_dag.py
[2022-04-26 16:44:39,795] {processor.py:652} INFO - DAG(s) dict_keys(['tutorial_etl_dag']) retrieved from /home/airflow/.local/lib/python3.9/site-packages/airflow/example_dags/tutorial_etl_dag.py
[2022-04-26 16:44:39,832] {logging_mixin.py:109} INFO - [2022-04-26 16:44:39,832] {dag.py:2398} INFO - Sync 1 DAGs
[2022-04-26 16:44:39,862] {logging_mixin.py:109} INFO - [2022-04-26 16:44:39,862] {dag.py:2937} INFO - Setting next_dagrun for tutorial_etl_dag to None
[2022-04-26 16:44:39,876] {processor.py:171} INFO - Processing /home/airflow/.local/lib/python3.9/site-packages/airflow/example_dags/tutorial_etl_dag.py took 0.110 seconds
