[2022-04-26 16:43:39,996] {processor.py:163} INFO - Started process (PID=120) to work on /home/airflow/.local/lib/python3.9/site-packages/airflow/example_dags/tutorial.py
[2022-04-26 16:43:39,998] {processor.py:642} INFO - Processing file /home/airflow/.local/lib/python3.9/site-packages/airflow/example_dags/tutorial.py for tasks to queue
[2022-04-26 16:43:40,001] {logging_mixin.py:109} INFO - [2022-04-26 16:43:40,000] {dagbag.py:500} INFO - Filling up the DagBag from /home/airflow/.local/lib/python3.9/site-packages/airflow/example_dags/tutorial.py
[2022-04-26 16:43:40,020] {processor.py:652} INFO - DAG(s) dict_keys(['tutorial']) retrieved from /home/airflow/.local/lib/python3.9/site-packages/airflow/example_dags/tutorial.py
[2022-04-26 16:43:44,200] {logging_mixin.py:109} INFO - [2022-04-26 16:43:44,200] {manager.py:496} INFO - Created Permission View: can edit on DAG:tutorial
[2022-04-26 16:43:44,211] {logging_mixin.py:109} INFO - [2022-04-26 16:43:44,210] {manager.py:496} INFO - Created Permission View: can read on DAG:tutorial
[2022-04-26 16:43:44,212] {logging_mixin.py:109} INFO - [2022-04-26 16:43:44,212] {dag.py:2398} INFO - Sync 1 DAGs
[2022-04-26 16:43:44,223] {logging_mixin.py:109} INFO - [2022-04-26 16:43:44,223] {dag.py:2417} INFO - Creating ORM DAG for tutorial
[2022-04-26 16:43:44,235] {logging_mixin.py:109} INFO - [2022-04-26 16:43:44,235] {dag.py:2937} INFO - Setting next_dagrun for tutorial to 2022-04-25T16:43:44.235433+00:00
[2022-04-26 16:43:44,251] {processor.py:171} INFO - Processing /home/airflow/.local/lib/python3.9/site-packages/airflow/example_dags/tutorial.py took 4.259 seconds
[2022-04-26 16:44:14,629] {processor.py:163} INFO - Started process (PID=266) to work on /home/airflow/.local/lib/python3.9/site-packages/airflow/example_dags/tutorial.py
[2022-04-26 16:44:14,638] {processor.py:642} INFO - Processing file /home/airflow/.local/lib/python3.9/site-packages/airflow/example_dags/tutorial.py for tasks to queue
[2022-04-26 16:44:14,646] {logging_mixin.py:109} INFO - [2022-04-26 16:44:14,646] {dagbag.py:500} INFO - Filling up the DagBag from /home/airflow/.local/lib/python3.9/site-packages/airflow/example_dags/tutorial.py
[2022-04-26 16:44:14,791] {processor.py:652} INFO - DAG(s) dict_keys(['tutorial']) retrieved from /home/airflow/.local/lib/python3.9/site-packages/airflow/example_dags/tutorial.py
[2022-04-26 16:44:14,967] {logging_mixin.py:109} INFO - [2022-04-26 16:44:14,966] {dag.py:2398} INFO - Sync 1 DAGs
[2022-04-26 16:44:15,120] {logging_mixin.py:109} INFO - [2022-04-26 16:44:15,120] {dag.py:2937} INFO - Setting next_dagrun for tutorial to 2022-04-25T16:44:15.119769+00:00
[2022-04-26 16:44:15,186] {processor.py:171} INFO - Processing /home/airflow/.local/lib/python3.9/site-packages/airflow/example_dags/tutorial.py took 0.563 seconds
[2022-04-26 16:44:45,337] {processor.py:163} INFO - Started process (PID=315) to work on /home/airflow/.local/lib/python3.9/site-packages/airflow/example_dags/tutorial.py
[2022-04-26 16:44:45,343] {processor.py:642} INFO - Processing file /home/airflow/.local/lib/python3.9/site-packages/airflow/example_dags/tutorial.py for tasks to queue
[2022-04-26 16:44:45,346] {logging_mixin.py:109} INFO - [2022-04-26 16:44:45,346] {dagbag.py:500} INFO - Filling up the DagBag from /home/airflow/.local/lib/python3.9/site-packages/airflow/example_dags/tutorial.py
[2022-04-26 16:44:45,383] {processor.py:652} INFO - DAG(s) dict_keys(['tutorial']) retrieved from /home/airflow/.local/lib/python3.9/site-packages/airflow/example_dags/tutorial.py
[2022-04-26 16:44:45,444] {logging_mixin.py:109} INFO - [2022-04-26 16:44:45,443] {dag.py:2398} INFO - Sync 1 DAGs
[2022-04-26 16:44:45,475] {logging_mixin.py:109} INFO - [2022-04-26 16:44:45,475] {dag.py:2937} INFO - Setting next_dagrun for tutorial to 2022-04-25T16:44:45.475470+00:00
[2022-04-26 16:44:45,496] {processor.py:171} INFO - Processing /home/airflow/.local/lib/python3.9/site-packages/airflow/example_dags/tutorial.py took 0.168 seconds
