[2022-04-26 16:42:57,958] {processor.py:163} INFO - Started process (PID=32) to work on /home/airflow/.local/lib/python3.9/site-packages/airflow/example_dags/tutorial_taskflow_api_etl_virtualenv.py
[2022-04-26 16:42:57,963] {processor.py:642} INFO - Processing file /home/airflow/.local/lib/python3.9/site-packages/airflow/example_dags/tutorial_taskflow_api_etl_virtualenv.py for tasks to queue
[2022-04-26 16:42:57,968] {logging_mixin.py:109} INFO - [2022-04-26 16:42:57,967] {dagbag.py:500} INFO - Filling up the DagBag from /home/airflow/.local/lib/python3.9/site-packages/airflow/example_dags/tutorial_taskflow_api_etl_virtualenv.py
[2022-04-26 16:42:58,055] {processor.py:652} INFO - DAG(s) dict_keys(['tutorial_taskflow_api_etl_virtualenv']) retrieved from /home/airflow/.local/lib/python3.9/site-packages/airflow/example_dags/tutorial_taskflow_api_etl_virtualenv.py
[2022-04-26 16:43:08,820] {logging_mixin.py:109} WARNING - /home/airflow/.local/lib/python3.9/site-packages/azure/storage/common/_connection.py:82 SyntaxWarning: "is" with a literal. Did you mean "=="?
[2022-04-26 16:43:10,523] {logging_mixin.py:109} INFO - [2022-04-26 16:43:10,523] {manager.py:496} INFO - Created Permission View: can edit on DAG:tutorial_taskflow_api_etl_virtualenv
[2022-04-26 16:43:10,565] {logging_mixin.py:109} INFO - [2022-04-26 16:43:10,565] {manager.py:496} INFO - Created Permission View: can read on DAG:tutorial_taskflow_api_etl_virtualenv
[2022-04-26 16:43:10,567] {logging_mixin.py:109} INFO - [2022-04-26 16:43:10,567] {dag.py:2398} INFO - Sync 1 DAGs
[2022-04-26 16:43:10,608] {logging_mixin.py:109} INFO - [2022-04-26 16:43:10,607] {dag.py:2417} INFO - Creating ORM DAG for tutorial_taskflow_api_etl_virtualenv
[2022-04-26 16:43:10,627] {logging_mixin.py:109} INFO - [2022-04-26 16:43:10,626] {dag.py:2937} INFO - Setting next_dagrun for tutorial_taskflow_api_etl_virtualenv to None
[2022-04-26 16:43:10,666] {processor.py:171} INFO - Processing /home/airflow/.local/lib/python3.9/site-packages/airflow/example_dags/tutorial_taskflow_api_etl_virtualenv.py took 12.729 seconds
[2022-04-26 16:44:08,186] {processor.py:163} INFO - Started process (PID=246) to work on /home/airflow/.local/lib/python3.9/site-packages/airflow/example_dags/tutorial_taskflow_api_etl_virtualenv.py
[2022-04-26 16:44:08,188] {processor.py:642} INFO - Processing file /home/airflow/.local/lib/python3.9/site-packages/airflow/example_dags/tutorial_taskflow_api_etl_virtualenv.py for tasks to queue
[2022-04-26 16:44:08,190] {logging_mixin.py:109} INFO - [2022-04-26 16:44:08,189] {dagbag.py:500} INFO - Filling up the DagBag from /home/airflow/.local/lib/python3.9/site-packages/airflow/example_dags/tutorial_taskflow_api_etl_virtualenv.py
[2022-04-26 16:44:08,215] {processor.py:652} INFO - DAG(s) dict_keys(['tutorial_taskflow_api_etl_virtualenv']) retrieved from /home/airflow/.local/lib/python3.9/site-packages/airflow/example_dags/tutorial_taskflow_api_etl_virtualenv.py
[2022-04-26 16:44:08,478] {logging_mixin.py:109} INFO - [2022-04-26 16:44:08,478] {dag.py:2398} INFO - Sync 1 DAGs
[2022-04-26 16:44:08,509] {logging_mixin.py:109} INFO - [2022-04-26 16:44:08,508] {dag.py:2937} INFO - Setting next_dagrun for tutorial_taskflow_api_etl_virtualenv to None
[2022-04-26 16:44:08,534] {processor.py:171} INFO - Processing /home/airflow/.local/lib/python3.9/site-packages/airflow/example_dags/tutorial_taskflow_api_etl_virtualenv.py took 0.353 seconds
[2022-04-26 16:44:39,188] {processor.py:163} INFO - Started process (PID=302) to work on /home/airflow/.local/lib/python3.9/site-packages/airflow/example_dags/tutorial_taskflow_api_etl_virtualenv.py
[2022-04-26 16:44:39,191] {processor.py:642} INFO - Processing file /home/airflow/.local/lib/python3.9/site-packages/airflow/example_dags/tutorial_taskflow_api_etl_virtualenv.py for tasks to queue
[2022-04-26 16:44:39,193] {logging_mixin.py:109} INFO - [2022-04-26 16:44:39,192] {dagbag.py:500} INFO - Filling up the DagBag from /home/airflow/.local/lib/python3.9/site-packages/airflow/example_dags/tutorial_taskflow_api_etl_virtualenv.py
[2022-04-26 16:44:39,228] {processor.py:652} INFO - DAG(s) dict_keys(['tutorial_taskflow_api_etl_virtualenv']) retrieved from /home/airflow/.local/lib/python3.9/site-packages/airflow/example_dags/tutorial_taskflow_api_etl_virtualenv.py
[2022-04-26 16:44:39,529] {logging_mixin.py:109} INFO - [2022-04-26 16:44:39,529] {dag.py:2398} INFO - Sync 1 DAGs
[2022-04-26 16:44:39,549] {logging_mixin.py:109} INFO - [2022-04-26 16:44:39,549] {dag.py:2937} INFO - Setting next_dagrun for tutorial_taskflow_api_etl_virtualenv to None
[2022-04-26 16:44:39,573] {processor.py:171} INFO - Processing /home/airflow/.local/lib/python3.9/site-packages/airflow/example_dags/tutorial_taskflow_api_etl_virtualenv.py took 0.391 seconds
