[2022-04-26 16:43:30,806] {processor.py:163} INFO - Started process (PID=96) to work on /home/airflow/.local/lib/python3.9/site-packages/airflow/example_dags/tutorial_taskflow_api_etl.py
[2022-04-26 16:43:30,809] {processor.py:642} INFO - Processing file /home/airflow/.local/lib/python3.9/site-packages/airflow/example_dags/tutorial_taskflow_api_etl.py for tasks to queue
[2022-04-26 16:43:30,815] {logging_mixin.py:109} INFO - [2022-04-26 16:43:30,815] {dagbag.py:500} INFO - Filling up the DagBag from /home/airflow/.local/lib/python3.9/site-packages/airflow/example_dags/tutorial_taskflow_api_etl.py
[2022-04-26 16:43:30,863] {processor.py:652} INFO - DAG(s) dict_keys(['tutorial_taskflow_api_etl']) retrieved from /home/airflow/.local/lib/python3.9/site-packages/airflow/example_dags/tutorial_taskflow_api_etl.py
[2022-04-26 16:43:35,116] {logging_mixin.py:109} INFO - [2022-04-26 16:43:35,116] {manager.py:496} INFO - Created Permission View: can edit on DAG:tutorial_taskflow_api_etl
[2022-04-26 16:43:35,162] {logging_mixin.py:109} INFO - [2022-04-26 16:43:35,161] {manager.py:496} INFO - Created Permission View: can read on DAG:tutorial_taskflow_api_etl
[2022-04-26 16:43:35,168] {logging_mixin.py:109} INFO - [2022-04-26 16:43:35,167] {dag.py:2398} INFO - Sync 1 DAGs
[2022-04-26 16:43:35,369] {logging_mixin.py:109} INFO - [2022-04-26 16:43:35,368] {dag.py:2417} INFO - Creating ORM DAG for tutorial_taskflow_api_etl
[2022-04-26 16:43:35,479] {logging_mixin.py:109} INFO - [2022-04-26 16:43:35,479] {dag.py:2937} INFO - Setting next_dagrun for tutorial_taskflow_api_etl to None
[2022-04-26 16:43:35,581] {processor.py:171} INFO - Processing /home/airflow/.local/lib/python3.9/site-packages/airflow/example_dags/tutorial_taskflow_api_etl.py took 4.781 seconds
[2022-04-26 16:44:09,183] {processor.py:163} INFO - Started process (PID=254) to work on /home/airflow/.local/lib/python3.9/site-packages/airflow/example_dags/tutorial_taskflow_api_etl.py
[2022-04-26 16:44:09,186] {processor.py:642} INFO - Processing file /home/airflow/.local/lib/python3.9/site-packages/airflow/example_dags/tutorial_taskflow_api_etl.py for tasks to queue
[2022-04-26 16:44:09,187] {logging_mixin.py:109} INFO - [2022-04-26 16:44:09,187] {dagbag.py:500} INFO - Filling up the DagBag from /home/airflow/.local/lib/python3.9/site-packages/airflow/example_dags/tutorial_taskflow_api_etl.py
[2022-04-26 16:44:09,214] {processor.py:652} INFO - DAG(s) dict_keys(['tutorial_taskflow_api_etl']) retrieved from /home/airflow/.local/lib/python3.9/site-packages/airflow/example_dags/tutorial_taskflow_api_etl.py
[2022-04-26 16:44:09,587] {logging_mixin.py:109} INFO - [2022-04-26 16:44:09,587] {dag.py:2398} INFO - Sync 1 DAGs
[2022-04-26 16:44:09,609] {logging_mixin.py:109} INFO - [2022-04-26 16:44:09,609] {dag.py:2937} INFO - Setting next_dagrun for tutorial_taskflow_api_etl to None
[2022-04-26 16:44:09,627] {processor.py:171} INFO - Processing /home/airflow/.local/lib/python3.9/site-packages/airflow/example_dags/tutorial_taskflow_api_etl.py took 0.448 seconds
[2022-04-26 16:44:40,171] {processor.py:163} INFO - Started process (PID=311) to work on /home/airflow/.local/lib/python3.9/site-packages/airflow/example_dags/tutorial_taskflow_api_etl.py
[2022-04-26 16:44:40,174] {processor.py:642} INFO - Processing file /home/airflow/.local/lib/python3.9/site-packages/airflow/example_dags/tutorial_taskflow_api_etl.py for tasks to queue
[2022-04-26 16:44:40,176] {logging_mixin.py:109} INFO - [2022-04-26 16:44:40,176] {dagbag.py:500} INFO - Filling up the DagBag from /home/airflow/.local/lib/python3.9/site-packages/airflow/example_dags/tutorial_taskflow_api_etl.py
[2022-04-26 16:44:40,208] {processor.py:652} INFO - DAG(s) dict_keys(['tutorial_taskflow_api_etl']) retrieved from /home/airflow/.local/lib/python3.9/site-packages/airflow/example_dags/tutorial_taskflow_api_etl.py
[2022-04-26 16:44:40,500] {logging_mixin.py:109} INFO - [2022-04-26 16:44:40,499] {dag.py:2398} INFO - Sync 1 DAGs
[2022-04-26 16:44:40,530] {logging_mixin.py:109} INFO - [2022-04-26 16:44:40,530] {dag.py:2937} INFO - Setting next_dagrun for tutorial_taskflow_api_etl to None
[2022-04-26 16:44:40,559] {processor.py:171} INFO - Processing /home/airflow/.local/lib/python3.9/site-packages/airflow/example_dags/tutorial_taskflow_api_etl.py took 0.392 seconds
